"D:/AppsWProjects/Unreal Engine 4/Projects/Project01/Content/MainLevel/Scripts/BP_Cinematics.uasset" 0
"D:/AppsWProjects/Unreal Engine 4/Projects/Project01/Content/CInematics/MasterSequence.uasset" 1
"D:/AppsWProjects/Unreal Engine 4/Projects/Project01/Content/CInematics/MasterSequencer2.uasset" 2
"D:/AppsWProjects/Unreal Engine 4/Projects/Project01/Content/FirstPerson/Character/Mesh/SK_Mannequin_Arms_Skeleton.uasset" 3
"D:/AppsWProjects/Unreal Engine 4/Projects/Project01/Content/FirstPerson/Animations/FirstPerson_JumpStart.uasset" 4
"D:/AppsWProjects/Unreal Engine 4/Projects/Project01/Content/FirstPerson/Animations/FirstPerson_JumpLoop.uasset" 5
"D:/AppsWProjects/Unreal Engine 4/Projects/Project01/Content/FirstPerson/Animations/FirstPerson_JumpEnd.uasset" 6
"../../../Engine/Content/Animation/DefaultAnimBoneCompressionSettings.uasset" 7
"../../../Engine/Content/Animation/DefaultAnimCurveCompressionSettings.uasset" 8
"D:/AppsWProjects/Unreal Engine 4/Projects/Project01/Content/FirstPerson/Animations/FirstPerson_Idle.uasset" 9
"D:/AppsWProjects/Unreal Engine 4/Projects/Project01/Content/FirstPerson/Animations/FirstPerson_Run.uasset" 10
"../../../Engine/Content/EditorBlueprintResources/StandardMacros.uasset" 11
"D:/AppsWProjects/Unreal Engine 4/Projects/Project01/Content/FirstPerson/Animations/FirstPerson_AnimBP.uasset" 12
"D:/AppsWProjects/Unreal Engine 4/Projects/Project01/Content/FirstPerson/Character/Mesh/FirstPersonAnimBlueprint_Copy.uasset" 13
"D:/AppsWProjects/Unreal Engine 4/Projects/Project01/Content/FirstPerson/Character/Textures/UE4_LOGO_CARD.uasset" 14
"D:/AppsWProjects/Unreal Engine 4/Projects/Project01/Content/FirstPerson/FPWeapon/Materials/MaterialLayers/ML_Plastic_Shiny_Beige_LOGO.uasset" 15
"D:/AppsWProjects/Unreal Engine 4/Projects/Project01/Content/FirstPerson/FPWeapon/Materials/MaterialLayers/T_ML_FineRubber.uasset" 16
"D:/AppsWProjects/Unreal Engine 4/Projects/Project01/Content/FirstPerson/FPWeapon/Mesh/SK_FPGun_PhysicsAsset.uasset" 17
"D:/AppsWProjects/Unreal Engine 4/Projects/Project01/Content/FirstPersonBP/FirstPersonOverview.uasset" 18
"D:/AppsWProjects/Unreal Engine 4/Projects/Project01/Content/Geometry/Meshes/CubeMaterial.uasset" 19
"D:/AppsWProjects/Unreal Engine 4/Projects/Project01/Content/Geometry/Meshes/1M_Cube_Chamfer.uasset" 20
"D:/AppsWProjects/Unreal Engine 4/Projects/Project01/Content/Geometry/Meshes/TemplateFloor.uasset" 21
"D:/AppsWProjects/Unreal Engine 4/Projects/Project01/Content/MainLevel/Sounds/Sound_OB.uasset" 22
"D:/AppsWProjects/Unreal Engine 4/Projects/Project01/Content/MainLevel/Sounds/OB_sound.uasset" 23
"D:/AppsWProjects/Unreal Engine 4/Projects/Project01/Content/MainLevel/Sounds/Sound_Headshot.uasset" 24
"../../../Engine/Content/EngineMeshes/Humanoid.uasset" 25
"D:/AppsWProjects/Unreal Engine 4/Projects/Project01/Content/ShooterSimplifiedAI/Characters/UE4_Mannequin/Mesh/UE4_Mannequin_Skeleton.uasset" 26
"D:/AppsWProjects/Unreal Engine 4/Projects/Project01/Content/ShooterSimplifiedAI/Animations/Aim_Space_Hip.uasset" 27
"D:/AppsWProjects/Unreal Engine 4/Projects/Project01/Content/ShooterSimplifiedAI/Animations/Aim_Space_Ironsights.uasset" 28
"D:/AppsWProjects/Unreal Engine 4/Projects/Project01/Content/ShooterSimplifiedAI/Animations/Crouch_to_Stand_Rifle_Hip.uasset" 29
"D:/AppsWProjects/Unreal Engine 4/Projects/Project01/Content/ShooterSimplifiedAI/Animations/Crouch_to_Stand_Rifle_Ironsights.uasset" 30
"D:/AppsWProjects/Unreal Engine 4/Projects/Project01/Content/ShooterSimplifiedAI/Animations/Crouch_Walk_Bwd_Rifle_Ironsights.uasset" 31
"D:/AppsWProjects/Unreal Engine 4/Projects/Project01/Content/ShooterSimplifiedAI/Animations/Crouch_Walk_Lt_Rifle_Ironsights.uasset" 32
"D:/AppsWProjects/Unreal Engine 4/Projects/Project01/Content/ShooterSimplifiedAI/Animations/Crouch_Walk_Rt_Rifle_Ironsights.uasset" 33
"D:/AppsWProjects/Unreal Engine 4/Projects/Project01/Content/ShooterSimplifiedAI/Animations/Death_1.uasset" 34
"D:/AppsWProjects/Unreal Engine 4/Projects/Project01/Content/ShooterSimplifiedAI/Animations/Death_2.uasset" 35
"D:/AppsWProjects/Unreal Engine 4/Projects/Project01/Content/ShooterSimplifiedAI/Animations/Death_3.uasset" 36
"D:/AppsWProjects/Unreal Engine 4/Projects/Project01/Content/ShooterSimplifiedAI/Animations/Death_Ironsights_1.uasset" 37
"D:/AppsWProjects/Unreal Engine 4/Projects/Project01/Content/ShooterSimplifiedAI/Animations/Death_Ironsights_2.uasset" 38
"D:/AppsWProjects/Unreal Engine 4/Projects/Project01/Content/ShooterSimplifiedAI/Animations/Equip_Pistol_Standing.uasset" 39
"D:/AppsWProjects/Unreal Engine 4/Projects/Project01/Content/ShooterSimplifiedAI/Animations/Equip_Rifle_Standing.uasset" 40
"D:/AppsWProjects/Unreal Engine 4/Projects/Project01/Content/ShooterSimplifiedAI/Animations/Fire_Rifle_Hip.uasset" 41
"D:/AppsWProjects/Unreal Engine 4/Projects/Project01/Content/ShooterSimplifiedAI/Animations/Fire_Rifle_Ironsights.uasset" 42
"D:/AppsWProjects/Unreal Engine 4/Projects/Project01/Content/ShooterSimplifiedAI/Animations/Fire_Shotgun_Hip.uasset" 43
"D:/AppsWProjects/Unreal Engine 4/Projects/Project01/Content/ShooterSimplifiedAI/Animations/Fire_Shotgun_Ironsights.uasset" 44
"D:/AppsWProjects/Unreal Engine 4/Projects/Project01/Content/ShooterSimplifiedAI/Animations/Hit_React_1.uasset" 45
"D:/AppsWProjects/Unreal Engine 4/Projects/Project01/Content/ShooterSimplifiedAI/Animations/Hit_React_2.uasset" 46
"D:/AppsWProjects/Unreal Engine 4/Projects/Project01/Content/ShooterSimplifiedAI/Animations/Hit_React_3.uasset" 47
"D:/AppsWProjects/Unreal Engine 4/Projects/Project01/Content/ShooterSimplifiedAI/Animations/Hit_React_4.uasset" 48
"D:/AppsWProjects/Unreal Engine 4/Projects/Project01/Content/ShooterSimplifiedAI/Animations/Idle_Pistol.uasset" 49
"D:/AppsWProjects/Unreal Engine 4/Projects/Project01/Content/ShooterSimplifiedAI/Animations/Idle_Rifle_Hip_Break1.uasset" 50
"D:/AppsWProjects/Unreal Engine 4/Projects/Project01/Content/ShooterSimplifiedAI/Animations/Idle_Rifle_Hip_Break2.uasset" 51
"D:/AppsWProjects/Unreal Engine 4/Projects/Project01/Content/ShooterSimplifiedAI/Animations/Jump_From_Stand_Ironsights.uasset" 52
"D:/AppsWProjects/Unreal Engine 4/Projects/Project01/Content/ShooterSimplifiedAI/Animations/Prone_Death_1.uasset" 53
"D:/AppsWProjects/Unreal Engine 4/Projects/Project01/Content/ShooterSimplifiedAI/Animations/Prone_Death_2.uasset" 54
"D:/AppsWProjects/Unreal Engine 4/Projects/Project01/Content/ShooterSimplifiedAI/Animations/Prone_Fire_1.uasset" 55
"D:/AppsWProjects/Unreal Engine 4/Projects/Project01/Content/ShooterSimplifiedAI/Animations/Prone_Fire_2.uasset" 56
"D:/AppsWProjects/Unreal Engine 4/Projects/Project01/Content/ShooterSimplifiedAI/Animations/Prone_Idle.uasset" 57
"D:/AppsWProjects/Unreal Engine 4/Projects/Project01/Content/ShooterSimplifiedAI/Animations/Prone_Reload_Rifle.uasset" 58
"D:/AppsWProjects/Unreal Engine 4/Projects/Project01/Content/ShooterSimplifiedAI/Animations/Prone_Reload_Shotgun.uasset" 59
"D:/AppsWProjects/Unreal Engine 4/Projects/Project01/Content/ShooterSimplifiedAI/Animations/Prone_To_Stand.uasset" 60
"D:/AppsWProjects/Unreal Engine 4/Projects/Project01/Content/ShooterSimplifiedAI/Animations/Reload_Pistol.uasset" 61
"D:/AppsWProjects/Unreal Engine 4/Projects/Project01/Content/ShooterSimplifiedAI/Animations/Reload_Rifle_Hip.uasset" 62
"D:/AppsWProjects/Unreal Engine 4/Projects/Project01/Content/ShooterSimplifiedAI/Animations/Reload_Shotgun_Hip.uasset" 63
"D:/AppsWProjects/Unreal Engine 4/Projects/Project01/Content/ShooterSimplifiedAI/Animations/Reload_Shotgun_Ironsights.uasset" 64
"D:/AppsWProjects/Unreal Engine 4/Projects/Project01/Content/ShooterSimplifiedAI/Animations/Stand_to_Crouch_Rifle_Hip.uasset" 65
"D:/AppsWProjects/Unreal Engine 4/Projects/Project01/Content/ShooterSimplifiedAI/Animations/Stand_to_Crouch_Rifle_Ironsights.uasset" 66
"D:/AppsWProjects/Unreal Engine 4/Projects/Project01/Content/ShooterSimplifiedAI/Animations/Stand_To_Prone.uasset" 67
"D:/AppsWProjects/Unreal Engine 4/Projects/Project01/Content/ShooterSimplifiedAI/Animations/AimOffset/Aim_CC.uasset" 68
"D:/AppsWProjects/Unreal Engine 4/Projects/Project01/Content/ShooterSimplifiedAI/Animations/AimOffset/Aim_D.uasset" 69
"D:/AppsWProjects/Unreal Engine 4/Projects/Project01/Content/ShooterSimplifiedAI/Animations/AimOffset/Aim__Hip_UP.uasset" 70
"D:/AppsWProjects/Unreal Engine 4/Projects/Project01/Content/ShooterSimplifiedAI/Blueprints/ShooterGameHUD.uasset" 71
"D:/AppsWProjects/Unreal Engine 4/Projects/Project01/Content/ShooterSimplifiedAI/Animations/Reload_Rifle_Ironsights.uasset" 72
"D:/AppsWProjects/Unreal Engine 4/Projects/Project01/Content/ShooterSimplifiedAI/Animations/AM_Reload_Rifle_Ironsights.uasset" 73
"D:/AppsWProjects/Unreal Engine 4/Projects/Project01/Content/ShooterSimplifiedAI/Weapons/SniperRifle/Mesh/SM_SniperRifle_Skeleton.uasset" 74
"D:/AppsWProjects/Unreal Engine 4/Projects/Project01/Content/ShooterSimplifiedAI/Weapons/SniperRifle/Mesh/SM_SniperRifle_PhysicsAsset.uasset" 75
"D:/AppsWProjects/Unreal Engine 4/Projects/Project01/Content/ShooterSimplifiedAI/Weapons/SniperRifle/Materials/M_SniperRIfle_2.uasset" 76
"D:/AppsWProjects/Unreal Engine 4/Projects/Project01/Content/ShooterSimplifiedAI/Weapons/SniperRifle/Materials/M_SniperRifle_1.uasset" 77
"D:/AppsWProjects/Unreal Engine 4/Projects/Project01/Content/ShooterSimplifiedAI/Weapons/SniperRifle/Mesh/SM_SniperRifle.uasset" 78
"D:/AppsWProjects/Unreal Engine 4/Projects/Project01/Content/ShooterSimplifiedAI/Weapons/MachineGun/Mesh/SM_MachineGun_Skeleton.uasset" 79
"D:/AppsWProjects/Unreal Engine 4/Projects/Project01/Content/ShooterSimplifiedAI/Weapons/MachineGun/Mesh/SM_MachineGun_PhysicsAsset.uasset" 80
"D:/AppsWProjects/Unreal Engine 4/Projects/Project01/Content/ShooterSimplifiedAI/Weapons/MachineGun/Materials/M_MachineGun_3.uasset" 81
"D:/AppsWProjects/Unreal Engine 4/Projects/Project01/Content/ShooterSimplifiedAI/Weapons/MachineGun/Materials/M_MachineGun_2.uasset" 82
"D:/AppsWProjects/Unreal Engine 4/Projects/Project01/Content/ShooterSimplifiedAI/Weapons/MachineGun/Materials/M_MachineGun_1.uasset" 83
"D:/AppsWProjects/Unreal Engine 4/Projects/Project01/Content/ShooterSimplifiedAI/Weapons/MachineGun/Mesh/SM_MachineGun.uasset" 84
"D:/AppsWProjects/Unreal Engine 4/Projects/Project01/Content/ShooterSimplifiedAI/Weapons/AssaultRifle/Mesh/AssaultRifle_Skeleton.uasset" 85
"D:/AppsWProjects/Unreal Engine 4/Projects/Project01/Content/ShooterSimplifiedAI/Weapons/AssaultRifle/Mesh/AssaultRifle_PhysicsAsset.uasset" 86
"D:/AppsWProjects/Unreal Engine 4/Projects/Project01/Content/ShooterSimplifiedAI/Weapons/AssaultRifle/Materials/M_AssaultRifle_Mat_3.uasset" 87
"D:/AppsWProjects/Unreal Engine 4/Projects/Project01/Content/ShooterSimplifiedAI/Weapons/AssaultRifle/Materials/M_AssaultRifle_Mat_2.uasset" 88
"D:/AppsWProjects/Unreal Engine 4/Projects/Project01/Content/ShooterSimplifiedAI/Weapons/AssaultRifle/Materials/M_AssaultRifle_Mat_1.uasset" 89
"D:/AppsWProjects/Unreal Engine 4/Projects/Project01/Content/ShooterSimplifiedAI/Weapons/AssaultRifle/Mesh/AssaultRifle.uasset" 90
"D:/AppsWProjects/Unreal Engine 4/Projects/Project01/Content/ShooterSimplifiedAI/Blueprints/AI/E_AI_WeaponType.uasset" 91
"D:/AppsWProjects/Unreal Engine 4/Projects/Project01/Content/ShooterSimplifiedAI/Audio/SW_WeaponFire.uasset" 92
"D:/AppsWProjects/Unreal Engine 4/Projects/Project01/Content/ShooterSimplifiedAI/Audio/SC_WeaponFire_Cue.uasset" 93
"D:/AppsWProjects/Unreal Engine 4/Projects/Project01/Content/ShooterSimplifiedAI/Animations/Jog_Rt_Rifle.uasset" 94
"D:/AppsWProjects/Unreal Engine 4/Projects/Project01/Content/ShooterSimplifiedAI/Animations/Jog_Lt_Rifle.uasset" 95
"D:/AppsWProjects/Unreal Engine 4/Projects/Project01/Content/ShooterSimplifiedAI/Animations/Jog_Fwd_Rifle.uasset" 96
"D:/AppsWProjects/Unreal Engine 4/Projects/Project01/Content/ShooterSimplifiedAI/Animations/Jog_Bwd_Rifle.uasset" 97
"D:/AppsWProjects/Unreal Engine 4/Projects/Project01/Content/ShooterSimplifiedAI/Animations/BS_Jog.uasset" 98
"D:/AppsWProjects/Unreal Engine 4/Projects/Project01/Content/ShooterSimplifiedAI/Animations/Walk_Rt_Rifle_Ironsights.uasset" 99
"D:/AppsWProjects/Unreal Engine 4/Projects/Project01/Content/ShooterSimplifiedAI/Animations/Walk_Lt_Rifle_Ironsights.uasset" 100
"D:/AppsWProjects/Unreal Engine 4/Projects/Project01/Content/ShooterSimplifiedAI/Animations/Walk_Fwd_Rifle_Ironsights.uasset" 101
"D:/AppsWProjects/Unreal Engine 4/Projects/Project01/Content/ShooterSimplifiedAI/Animations/Walk_Bwd_Rifle_Ironsights.uasset" 102
"D:/AppsWProjects/Unreal Engine 4/Projects/Project01/Content/ShooterSimplifiedAI/Animations/BS_IronsightsWalk.uasset" 103
"D:/AppsWProjects/Unreal Engine 4/Projects/Project01/Content/ShooterSimplifiedAI/Animations/Idle_Rifle_Ironsights.uasset" 104
"D:/AppsWProjects/Unreal Engine 4/Projects/Project01/Content/ShooterSimplifiedAI/Animations/Idle_Rifle_Hip.uasset" 105
"D:/AppsWProjects/Unreal Engine 4/Projects/Project01/Content/ShooterSimplifiedAI/Animations/AimOffset/Aim_U.uasset" 106
"D:/AppsWProjects/Unreal Engine 4/Projects/Project01/Content/ShooterSimplifiedAI/Animations/AimOffset/Aim_DD.uasset" 107
"D:/AppsWProjects/Unreal Engine 4/Projects/Project01/Content/ShooterSimplifiedAI/Animations/AimOffset/AimOfset.uasset" 108
"D:/AppsWProjects/Unreal Engine 4/Projects/Project01/Content/ShooterSimplifiedAI/Animations/AimOffset/Aim__Ironsights_UP.uasset" 109
"D:/AppsWProjects/Unreal Engine 4/Projects/Project01/Content/ShooterSimplifiedAI/Animations/AimOffset/Aim__Ironsights_DOWN.uasset" 110
"D:/AppsWProjects/Unreal Engine 4/Projects/Project01/Content/ShooterSimplifiedAI/Animations/AimOffset/Aim__Ironsights_CC.uasset" 111
"D:/AppsWProjects/Unreal Engine 4/Projects/Project01/Content/ShooterSimplifiedAI/Animations/AimOffset/AimOffset_Ironsight.uasset" 112
"D:/AppsWProjects/Unreal Engine 4/Projects/Project01/Content/ShooterSimplifiedAI/Animations/AB_EnemyCharacterr.uasset" 113
"D:/AppsWProjects/Unreal Engine 4/Projects/Project01/Content/ShooterSimplifiedAI/Characters/UE4_Mannequin/Mesh/SK_Mannequin_PhysicsAsset.uasset" 114
"D:/AppsWProjects/Unreal Engine 4/Projects/Project01/Content/ShooterSimplifiedAI/Characters/UE4_Mannequin/Textures/UE4Man_Logo_N.uasset" 115
"D:/AppsWProjects/Unreal Engine 4/Projects/Project01/Content/ShooterSimplifiedAI/Characters/UE4_Mannequin/Textures/UE4_Mannequin_occlusion_Mobile.uasset" 116
"D:/AppsWProjects/Unreal Engine 4/Projects/Project01/Content/ShooterSimplifiedAI/Characters/UE4_Mannequin/Textures/UE4_Mannequin_MAT_MASKA.uasset" 117
"D:/AppsWProjects/Unreal Engine 4/Projects/Project01/Content/ShooterSimplifiedAI/Characters/UE4_Mannequin/Textures/UE4_Mannequin__normals.uasset" 118
"D:/AppsWProjects/Unreal Engine 4/Projects/Project01/Content/ShooterSimplifiedAI/Characters/UE4_Mannequin/Materials/MaterialLayers/T_ML_Aluminum01_N.uasset" 119
"D:/AppsWProjects/Unreal Engine 4/Projects/Project01/Content/ShooterSimplifiedAI/Characters/UE4_Mannequin/Materials/MaterialLayers/T_ML_Aluminum01.uasset" 120
"D:/AppsWProjects/Unreal Engine 4/Projects/Project01/Content/ShooterSimplifiedAI/Characters/UE4_Mannequin/Materials/MaterialLayers/ML_SoftMetal_UE4.uasset" 121
"D:/AppsWProjects/Unreal Engine 4/Projects/Project01/Content/ShooterSimplifiedAI/Characters/UE4_Mannequin/Textures/UE4_LOGO_CARD.uasset" 122
"D:/AppsWProjects/Unreal Engine 4/Projects/Project01/Content/ShooterSimplifiedAI/Characters/UE4_Mannequin/Materials/MaterialLayers/ML_Plastic_Shiny_Beige_LOGO.uasset" 123
"D:/AppsWProjects/Unreal Engine 4/Projects/Project01/Content/ShooterSimplifiedAI/Characters/UE4_Mannequin/Materials/MaterialLayers/ML_Plastic_Shiny_Beige.uasset" 124
"D:/AppsWProjects/Unreal Engine 4/Projects/Project01/Content/ShooterSimplifiedAI/Characters/UE4_Mannequin/Materials/MaterialLayers/T_ML_Rubber_Blue_01_N.uasset" 125
"D:/AppsWProjects/Unreal Engine 4/Projects/Project01/Content/ShooterSimplifiedAI/Characters/UE4_Mannequin/Materials/MaterialLayers/T_ML_Rubber_Blue_01_D.uasset" 126
"D:/AppsWProjects/Unreal Engine 4/Projects/Project01/Content/ShooterSimplifiedAI/Characters/UE4_Mannequin/Materials/MaterialLayers/ML_GlossyBlack_Latex_UE4.uasset" 127
"../../../Engine/Content/Functions/MaterialLayerFunctions/MatLayerBlend_AO.uasset" 128
"../../../Engine/Content/Functions/Engine_MaterialFunctions02/Utility/BlendAngleCorrectedNormals.uasset" 129
"../../../Engine/Content/Functions/MaterialLayerFunctions/MatLayerBlend_NormalBlend.uasset" 130
"../../../Engine/Content/Functions/MaterialLayerFunctions/MatLayerBlend_Simple.uasset" 131
"D:/AppsWProjects/Unreal Engine 4/Projects/Project01/Content/ShooterSimplifiedAI/Characters/UE4_Mannequin/Materials/M_UE4Man_Body.uasset" 132
"D:/AppsWProjects/Unreal Engine 4/Projects/Project01/Content/ShooterSimplifiedAI/Characters/UE4_Mannequin/Materials/M_UE4Man_ChestLogo.uasset" 133
"D:/AppsWProjects/Unreal Engine 4/Projects/Project01/Content/ShooterSimplifiedAI/Characters/UE4_Mannequin/Mesh/SK_Mannequin.uasset" 134
"D:/AppsWProjects/Unreal Engine 4/Projects/Project01/Content/ShooterSimplifiedAI/Blueprints/AI/E_AI_States.uasset" 135
"D:/AppsWProjects/Unreal Engine 4/Projects/Project01/Content/ShooterSimplifiedAI/Blueprints/AI/BT_DeadBodyAlert.uasset" 136
"D:/AppsWProjects/Unreal Engine 4/Projects/Project01/Content/ShooterSimplifiedAI/Blueprints/AI/BehaviorTree/BD_ShooterAI.uasset" 137
"D:/AppsWProjects/Unreal Engine 4/Projects/Project01/Content/ShooterSimplifiedAI/Blueprints/AI/BP_ShooterAI_Controller.uasset" 138
"D:/AppsWProjects/Unreal Engine 4/Projects/Project01/Content/ShooterSimplifiedAI/Blueprints/Weapon/M_BulletProjecttail.uasset" 139
"../../../Engine/Content/EngineMaterials/T_Default_Material_Grid_N.uasset" 140
"../../../Engine/Content/EngineMaterials/T_Default_Material_Grid_M.uasset" 141
"../../../Engine/Content/Functions/Engine_MaterialFunctions01/Opacity/CameraDepthFade.uasset" 142
"../../../Engine/Content/EngineMaterials/DefaultMaterial.uasset" 143
"../../../Engine/Content/BasicShapes/Sphere.uasset" 144
"D:/AppsWProjects/Unreal Engine 4/Projects/Project01/Content/ShooterSimplifiedAI/Blueprints/Weapon/BP_BulletProjecttail.uasset" 145
"D:/AppsWProjects/Unreal Engine 4/Projects/Project01/Content/ShooterSimplifiedAI/Animations/Sprint_Fwd_Rifle.uasset" 146
"D:/AppsWProjects/Unreal Engine 4/Projects/Project01/Content/ShooterSimplifiedAI/Animations/WalkRunSprint.uasset" 147
"D:/AppsWProjects/Unreal Engine 4/Projects/Project01/Content/ShooterSimplifiedAI/Animations/Jump_From_Stand.uasset" 148
"D:/AppsWProjects/Unreal Engine 4/Projects/Project01/Content/ShooterSimplifiedAI/Animations/Jump_From_Jog.uasset" 149
"D:/AppsWProjects/Unreal Engine 4/Projects/Project01/Content/ShooterSimplifiedAI/Animations/Crouch_Walk_Fwd_Rifle_Ironsights.uasset" 150
"D:/AppsWProjects/Unreal Engine 4/Projects/Project01/Content/ShooterSimplifiedAI/Animations/Crouch_Idle_Rifle_Ironsights.uasset" 151
"D:/AppsWProjects/Unreal Engine 4/Projects/Project01/Content/ShooterSimplifiedAI/Animations/Crouch_Idle_Rifle_Hip.uasset" 152
"D:/AppsWProjects/Unreal Engine 4/Projects/Project01/Content/ShooterSimplifiedAI/Animations/Crouch_Walk_Rt_Rifle_Hip.uasset" 153
"D:/AppsWProjects/Unreal Engine 4/Projects/Project01/Content/ShooterSimplifiedAI/Animations/Crouch_Walk_Lt_Rifle_Hip.uasset" 154
"D:/AppsWProjects/Unreal Engine 4/Projects/Project01/Content/ShooterSimplifiedAI/Animations/Crouch_Walk_Fwd_Rifle_Hip.uasset" 155
"D:/AppsWProjects/Unreal Engine 4/Projects/Project01/Content/ShooterSimplifiedAI/Animations/Crouch_Walk_Bwd_Rifle_Hip.uasset" 156
"D:/AppsWProjects/Unreal Engine 4/Projects/Project01/Content/ShooterSimplifiedAI/Animations/BS_CrouchWalk.uasset" 157
"D:/AppsWProjects/Unreal Engine 4/Projects/Project01/Content/ShooterSimplifiedAI/Animations/PlayerShooter_CharacterAnimBP.uasset" 158
"D:/AppsWProjects/Unreal Engine 4/Projects/Project01/Content/MainLevel/Sounds/Sound_Lose.uasset" 159
"D:/AppsWProjects/Unreal Engine 4/Projects/Project01/Content/MainLevel/Scripts/Game_Over_Widget.uasset" 160
"D:/AppsWProjects/Unreal Engine 4/Projects/Project01/Content/StarterContent/Textures/T_Smoke_Tiled_D.uasset" 161
"D:/AppsWProjects/Unreal Engine 4/Projects/Project01/Content/StarterContent/Textures/T_Smoke_SubUV.uasset" 162
"D:/AppsWProjects/Unreal Engine 4/Projects/Project01/Content/StarterContent/Particles/Materials/M_smoke_subUV.uasset" 163
"../../../Engine/Content/Functions/Engine_MaterialFunctions01/Gradient/RadialGradient.uasset" 164
"D:/AppsWProjects/Unreal Engine 4/Projects/Project01/Content/StarterContent/Particles/Materials/M_radial_ramp.uasset" 165
"D:/AppsWProjects/Unreal Engine 4/Projects/Project01/Content/StarterContent/Particles/Materials/m_flare_01.uasset" 166
"D:/AppsWProjects/Unreal Engine 4/Projects/Project01/Content/StarterContent/Textures/T_Explosion_SubUV.uasset" 167
"D:/AppsWProjects/Unreal Engine 4/Projects/Project01/Content/StarterContent/Particles/Materials/M_explosion_subUV.uasset" 168
"D:/AppsWProjects/Unreal Engine 4/Projects/Project01/Content/StarterContent/Textures/T_Burst_M.uasset" 169
"D:/AppsWProjects/Unreal Engine 4/Projects/Project01/Content/StarterContent/Particles/Materials/M_Burst.uasset" 170
"D:/AppsWProjects/Unreal Engine 4/Projects/Project01/Content/StarterContent/Particles/P_Explosion.uasset" 171
"D:/AppsWProjects/Unreal Engine 4/Projects/Project01/Content/ShooterSimplifiedAI/UI/HUD/W_MainHUD.uasset" 172
"D:/AppsWProjects/Unreal Engine 4/Projects/Project01/Content/ShooterSimplifiedAI/UI/HUD/Textures/T_PlayerCrosshair.uasset" 173
"D:/AppsWProjects/Unreal Engine 4/Projects/Project01/Content/ShooterSimplifiedAI/UI/HUD/W_IronSightHUD.uasset" 174
"../../../Engine/Content/BasicShapes/BasicShapeMaterial.uasset" 175
"D:/AppsWProjects/Unreal Engine 4/Projects/Project01/Content/ShooterSimplifiedAI/Effects/blood_impact/t_blood_impact_n.uasset" 176
"D:/AppsWProjects/Unreal Engine 4/Projects/Project01/Content/ShooterSimplifiedAI/Effects/blood_impact/t_blood_impact.uasset" 177
"D:/AppsWProjects/Unreal Engine 4/Projects/Project01/Content/ShooterSimplifiedAI/Effects/blood_impact/m_blood_impact.uasset" 178
"D:/AppsWProjects/Unreal Engine 4/Projects/Project01/Content/ShooterSimplifiedAI/Effects/blood_impact/p_blood_impact.uasset" 179
"D:/AppsWProjects/Unreal Engine 4/Projects/Project01/Content/ShooterSimplifiedAI/Effects/decals/T_bullet_hole_distortion.uasset" 180
"D:/AppsWProjects/Unreal Engine 4/Projects/Project01/Content/ShooterSimplifiedAI/Effects/decals/T_bullet_hole.uasset" 181
"D:/AppsWProjects/Unreal Engine 4/Projects/Project01/Content/ShooterSimplifiedAI/Effects/decals/M_Bullet_hole_Decal.uasset" 182
"D:/AppsWProjects/Unreal Engine 4/Projects/Project01/Content/ShooterSimplifiedAI/Blueprints/Weapon/BP_PlayerBaseWeapon.uasset" 183
"D:/AppsWProjects/Unreal Engine 4/Projects/Project01/Content/ShooterSimplifiedAI/Blueprints/Weapon/BP_PlayerRifle.uasset" 184
"D:/AppsWProjects/Unreal Engine 4/Projects/Project01/Content/FirstPerson/Meshes/BaseMaterial.uasset" 185
"D:/AppsWProjects/Unreal Engine 4/Projects/Project01/Content/FirstPerson/Meshes/FirstPersonProjectileMaterial.uasset" 186
"D:/AppsWProjects/Unreal Engine 4/Projects/Project01/Content/FirstPerson/Meshes/FirstPersonProjectileMesh.uasset" 187
"D:/AppsWProjects/Unreal Engine 4/Projects/Project01/Content/FirstPersonBP/Blueprints/FirstPersonProjectile.uasset" 188
"D:/AppsWProjects/Unreal Engine 4/Projects/Project01/Content/FirstPerson/Character/Textures/UE4_Mannequin__normals.uasset" 189
"D:/AppsWProjects/Unreal Engine 4/Projects/Project01/Content/FirstPerson/Character/Textures/UE4_Mannequin_MAT_MASKA.uasset" 190
"D:/AppsWProjects/Unreal Engine 4/Projects/Project01/Content/FirstPerson/Character/Materials/MaterialLayers/T_ML_Aluminum01_N.uasset" 191
"D:/AppsWProjects/Unreal Engine 4/Projects/Project01/Content/FirstPerson/Character/Materials/MaterialLayers/T_ML_Aluminum01.uasset" 192
"D:/AppsWProjects/Unreal Engine 4/Projects/Project01/Content/FirstPerson/Character/Materials/MaterialLayers/ML_SoftMetal_UE4.uasset" 193
"D:/AppsWProjects/Unreal Engine 4/Projects/Project01/Content/FirstPerson/Character/Materials/MaterialLayers/ML_Plastic_Shiny_Beige.uasset" 194
"D:/AppsWProjects/Unreal Engine 4/Projects/Project01/Content/FirstPerson/Character/Materials/MaterialLayers/T_ML_Rubber_Blue_01_D.uasset" 195
"D:/AppsWProjects/Unreal Engine 4/Projects/Project01/Content/FirstPerson/Character/Materials/MaterialLayers/T_ML_Rubber_Blue_01_N.uasset" 196
"D:/AppsWProjects/Unreal Engine 4/Projects/Project01/Content/FirstPerson/Character/Materials/MaterialLayers/ML_GlossyBlack_Latex_UE4.uasset" 197
"D:/AppsWProjects/Unreal Engine 4/Projects/Project01/Content/FirstPerson/Character/Materials/MaterialLayers/ML_Plastic_Shiny_Beige_LOGO.uasset" 198
"D:/AppsWProjects/Unreal Engine 4/Projects/Project01/Content/FirstPerson/Character/Materials/M_UE4Man_Body.uasset" 199
"D:/AppsWProjects/Unreal Engine 4/Projects/Project01/Content/FirstPerson/Character/Mesh/SK_Mannequin_Arms_PhysicsAsset.uasset" 200
"D:/AppsWProjects/Unreal Engine 4/Projects/Project01/Content/FirstPerson/Character/Mesh/SK_Mannequin_Arms.uasset" 201
"D:/AppsWProjects/Unreal Engine 4/Projects/Project01/Content/ShooterSimplifiedAI/Blueprints/Player/BP_ShooterPlayer.uasset" 202
"D:/AppsWProjects/Unreal Engine 4/Projects/Project01/Content/ShooterSimplifiedAI/Blueprints/AI/BehaviorTree/Tasks/BTT_StartStopAttack.uasset" 203
"D:/AppsWProjects/Unreal Engine 4/Projects/Project01/Content/ShooterSimplifiedAI/Blueprints/AI/BehaviorTree/Tasks/BTT_SetMovingSpeed.uasset" 204
"D:/AppsWProjects/Unreal Engine 4/Projects/Project01/Content/ShooterSimplifiedAI/Blueprints/AI/BehaviorTree/Tasks/BTT_SearchPoint.uasset" 205
"D:/AppsWProjects/Unreal Engine 4/Projects/Project01/Content/ShooterSimplifiedAI/Blueprints/AI/BehaviorTree/Tasks/BTT_RotateToEnemy.uasset" 206
"D:/AppsWProjects/Unreal Engine 4/Projects/Project01/Content/ShooterSimplifiedAI/Blueprints/AI/BehaviorTree/Tasks/BTT_FindRandomPatrol.uasset" 207
"D:/AppsWProjects/Unreal Engine 4/Projects/Project01/Content/ShooterSimplifiedAI/Blueprints/AI/BehaviorTree/Tasks/BTT_FindPathPatrolLocation.uasset" 208
"D:/AppsWProjects/Unreal Engine 4/Projects/Project01/Content/ShooterSimplifiedAI/Blueprints/AI/BehaviorTree/Tasks/BTT_CustomMoveTo.uasset" 209
"D:/AppsWProjects/Unreal Engine 4/Projects/Project01/Content/ShooterSimplifiedAI/Blueprints/AI/BehaviorTree/Tasks/BTT_ChangeAIState.uasset" 210
"D:/AppsWProjects/Unreal Engine 4/Projects/Project01/Content/ShooterSimplifiedAI/Blueprints/AI/BehaviorTree/Tasks/BTT_AimingTime.uasset" 211
"D:/AppsWProjects/Unreal Engine 4/Projects/Project01/Content/ShooterSimplifiedAI/Blueprints/AI/BehaviorTree/BT_MainShooter_AI.uasset" 212
"D:/AppsWProjects/Unreal Engine 4/Projects/Project01/Content/ShooterSimplifiedAI/Blueprints/AI/BP_ShooterEnemyAI.uasset" 213
"D:/AppsWProjects/Unreal Engine 4/Projects/Project01/Content/ShooterSimplifiedAI/Blueprints/AI/BP_ShooterEnemyAI_Child.uasset" 214
"D:/AppsWProjects/Unreal Engine 4/Projects/Project01/Content/ShooterSimplifiedAI/Blueprints/AI/BehaviorTree/Services/BTS_CheckIsDead.uasset" 215
"D:/AppsWProjects/Unreal Engine 4/Projects/Project01/Content/ShooterSimplifiedAI/Blueprints/AI/BehaviorTree/ExampleBehaviorTrees/BT_ExampleStopAttackOnPlayerDead.uasset" 216
"D:/AppsWProjects/Unreal Engine 4/Projects/Project01/Content/ShooterSimplifiedAI/Blueprints/AI/BehaviorTree/Tasks/BTT_ChangeAIStateToAttack.uasset" 217
"D:/AppsWProjects/Unreal Engine 4/Projects/Project01/Content/MainLevel/Sounds/Sound_Spawn.uasset" 218
"D:/AppsWProjects/Unreal Engine 4/Projects/Project01/Content/ShooterSimplifiedAI/Blueprints/Spawners/EnemyStructur.uasset" 219
"D:/AppsWProjects/Unreal Engine 4/Projects/Project01/Content/ShooterSimplifiedAI/Blueprints/Spawners/OnOverlapEnemyEncounter_BP.uasset" 220
"D:/AppsWProjects/Unreal Engine 4/Projects/Project01/Content/ShooterSimplifiedAI/Blueprints/Weapon/BP_Bullet.uasset" 221
"D:/AppsWProjects/Unreal Engine 4/Projects/Project01/Content/ShooterSimplifiedAI/Blueprints/Weapon/BP_PlayerMachineGun.uasset" 222
"../../../Engine/Content/Functions/Engine_MaterialFunctions01/Density/ExponentialDensity.uasset" 223
"../../../Engine/Content/Functions/Engine_MaterialFunctions01/Gradient/RadialGradientExponential.uasset" 224
"D:/AppsWProjects/Unreal Engine 4/Projects/Project01/Content/ShooterSimplifiedAI/Effects/bullet_impact/M_bulletImpact.uasset" 225
"D:/AppsWProjects/Unreal Engine 4/Projects/Project01/Content/ShooterSimplifiedAI/Effects/bullet_impact/P_bullet_Impact.uasset" 226
"D:/AppsWProjects/Unreal Engine 4/Projects/Project01/Content/ShooterSimplifiedAI/Maps/Meshes/Materials/M_CubeMaterial.uasset" 227
"D:/AppsWProjects/Unreal Engine 4/Projects/Project01/Content/ShooterSimplifiedAI/Maps/Meshes/1M_Cube_Chamfer.uasset" 228
"D:/AppsWProjects/Unreal Engine 4/Projects/Project01/Content/ShooterSimplifiedAI/Maps/Meshes/TemplateFloor.uasset" 229
"D:/AppsWProjects/Unreal Engine 4/Projects/Project01/Content/StarterContent/Materials/M_Basic_Wall.uasset" 230
"D:/AppsWProjects/Unreal Engine 4/Projects/Project01/Content/StarterContent/Architecture/Pillar_50x500.uasset" 231
"D:/AppsWProjects/Unreal Engine 4/Projects/Project01/Content/StarterContent/Architecture/Wall_400x300.uasset" 232
"D:/AppsWProjects/Unreal Engine 4/Projects/Project01/Content/StarterContent/Architecture/Wall_400x400.uasset" 233
"D:/AppsWProjects/Unreal Engine 4/Projects/Project01/Content/StarterContent/Architecture/Wall_500x500.uasset" 234
"D:/AppsWProjects/Unreal Engine 4/Projects/Project01/Content/StarterContent/Architecture/Wall_Door_400x400.uasset" 235
"D:/AppsWProjects/Unreal Engine 4/Projects/Project01/Content/StarterContent/Architecture/Wall_Window_400x400.uasset" 236
"D:/AppsWProjects/Unreal Engine 4/Projects/Project01/Content/StarterContent/Audio/Collapse01.uasset" 237
"D:/AppsWProjects/Unreal Engine 4/Projects/Project01/Content/StarterContent/Audio/Collapse02.uasset" 238
"D:/AppsWProjects/Unreal Engine 4/Projects/Project01/Content/StarterContent/Audio/Explosion01.uasset" 239
"D:/AppsWProjects/Unreal Engine 4/Projects/Project01/Content/StarterContent/Audio/Explosion02.uasset" 240
"D:/AppsWProjects/Unreal Engine 4/Projects/Project01/Content/StarterContent/Audio/Fire01.uasset" 241
"D:/AppsWProjects/Unreal Engine 4/Projects/Project01/Content/StarterContent/Audio/Fire_Sparks01.uasset" 242
"D:/AppsWProjects/Unreal Engine 4/Projects/Project01/Content/StarterContent/Audio/Light01.uasset" 243
"D:/AppsWProjects/Unreal Engine 4/Projects/Project01/Content/StarterContent/Audio/Light01_Cue.uasset" 244
"D:/AppsWProjects/Unreal Engine 4/Projects/Project01/Content/StarterContent/Audio/Light02.uasset" 245
"D:/AppsWProjects/Unreal Engine 4/Projects/Project01/Content/StarterContent/Audio/Light02_Cue.uasset" 246
"D:/AppsWProjects/Unreal Engine 4/Projects/Project01/Content/StarterContent/Audio/Smoke01.uasset" 247
"D:/AppsWProjects/Unreal Engine 4/Projects/Project01/Content/StarterContent/Audio/Starter_Birds01.uasset" 248
"D:/AppsWProjects/Unreal Engine 4/Projects/Project01/Content/StarterContent/Audio/Starter_Music01.uasset" 249
"D:/AppsWProjects/Unreal Engine 4/Projects/Project01/Content/StarterContent/Audio/Starter_Wind05.uasset" 250
"D:/AppsWProjects/Unreal Engine 4/Projects/Project01/Content/StarterContent/Audio/Starter_Wind06.uasset" 251
"D:/AppsWProjects/Unreal Engine 4/Projects/Project01/Content/StarterContent/Audio/Steam01.uasset" 252
"D:/AppsWProjects/Unreal Engine 4/Projects/Project01/Content/StarterContent/Audio/Explosion_Cue.uasset" 253
"D:/AppsWProjects/Unreal Engine 4/Projects/Project01/Content/StarterContent/Blueprints/Blueprint_Effect_Explosion.uasset" 254
"D:/AppsWProjects/Unreal Engine 4/Projects/Project01/Content/StarterContent/Materials/M_Basic_Floor.uasset" 255
"D:/AppsWProjects/Unreal Engine 4/Projects/Project01/Content/MainLevel/Materials/INST_Basic_Floor.uasset" 256
"D:/AppsWProjects/Unreal Engine 4/Projects/Project01/Content/StarterContent/Materials/INST_Basic_Floor.uasset" 257
"../../../Engine/Content/EditorMeshes/ColorCalibrator/T_ColorGrid.uasset" 258
"D:/AppsWProjects/Unreal Engine 4/Projects/Project01/Content/StarterContent/Materials/M_ColorGrid_LowSpec.uasset" 259
"D:/AppsWProjects/Unreal Engine 4/Projects/Project01/Content/StarterContent/Textures/T_Bush_N.uasset" 260
"D:/AppsWProjects/Unreal Engine 4/Projects/Project01/Content/StarterContent/Textures/T_Bush_D.uasset" 261
"D:/AppsWProjects/Unreal Engine 4/Projects/Project01/Content/StarterContent/Props/Materials/M_Bush.uasset" 262
"D:/AppsWProjects/Unreal Engine 4/Projects/Project01/Content/StarterContent/Props/SM_Bush.uasset" 263
"D:/AppsWProjects/Unreal Engine 4/Projects/Project01/Content/StarterContent/Textures/T_Chair_N.uasset" 264
"D:/AppsWProjects/Unreal Engine 4/Projects/Project01/Content/StarterContent/Textures/T_Chair_M.uasset" 265
"D:/AppsWProjects/Unreal Engine 4/Projects/Project01/Content/StarterContent/Props/Materials/M_Chair.uasset" 266
"D:/AppsWProjects/Unreal Engine 4/Projects/Project01/Content/StarterContent/Props/SM_Couch.uasset" 267
"D:/AppsWProjects/Unreal Engine 4/Projects/Project01/Content/StarterContent/Textures/T_Door_N.uasset" 268
"D:/AppsWProjects/Unreal Engine 4/Projects/Project01/Content/StarterContent/Textures/T_Door_M.uasset" 269
"D:/AppsWProjects/Unreal Engine 4/Projects/Project01/Content/StarterContent/Props/Materials/M_Door.uasset" 270
"D:/AppsWProjects/Unreal Engine 4/Projects/Project01/Content/StarterContent/Materials/M_Glass.uasset" 271
"D:/AppsWProjects/Unreal Engine 4/Projects/Project01/Content/StarterContent/Props/SM_Door.uasset" 272
"D:/AppsWProjects/Unreal Engine 4/Projects/Project01/Content/StarterContent/Props/Materials/M_MaterialSphere_Plain.uasset" 273
"D:/AppsWProjects/Unreal Engine 4/Projects/Project01/Content/StarterContent/Props/Materials/M_MaterialSphere.uasset" 274
"D:/AppsWProjects/Unreal Engine 4/Projects/Project01/Content/StarterContent/Props/SM_MatPreviewMesh_02.uasset" 275
"D:/AppsWProjects/Unreal Engine 4/Projects/Project01/Content/StarterContent/Textures/T_RockMesh_N.uasset" 276
"D:/AppsWProjects/Unreal Engine 4/Projects/Project01/Content/StarterContent/Textures/T_RockMesh_M.uasset" 277
"D:/AppsWProjects/Unreal Engine 4/Projects/Project01/Content/StarterContent/Textures/T_Rock_Basalt_D.uasset" 278
"D:/AppsWProjects/Unreal Engine 4/Projects/Project01/Content/StarterContent/Textures/T_Detail_Rocky_N.uasset" 279
"D:/AppsWProjects/Unreal Engine 4/Projects/Project01/Content/StarterContent/Props/Materials/M_Rock.uasset" 280
"D:/AppsWProjects/Unreal Engine 4/Projects/Project01/Content/StarterContent/Props/SM_Rock.uasset" 281
"D:/AppsWProjects/Unreal Engine 4/Projects/Project01/Content/StarterContent/Textures/T_Shelf_N.uasset" 282
"D:/AppsWProjects/Unreal Engine 4/Projects/Project01/Content/StarterContent/Textures/T_Shelf_M.uasset" 283
"D:/AppsWProjects/Unreal Engine 4/Projects/Project01/Content/StarterContent/Props/Materials/M_Shelf.uasset" 284
"D:/AppsWProjects/Unreal Engine 4/Projects/Project01/Content/StarterContent/Props/SM_Shelf.uasset" 285
"D:/AppsWProjects/Unreal Engine 4/Projects/Project01/Content/StarterContent/Props/SM_Stairs.uasset" 286
"D:/AppsWProjects/Unreal Engine 4/Projects/Project01/Content/StarterContent/Shapes/Shape_Cone.uasset" 287
"D:/AppsWProjects/Unreal Engine 4/Projects/Project01/Content/StarterContent/Shapes/Shape_Cylinder.uasset" 288
"D:/AppsWProjects/Unreal Engine 4/Projects/Project01/Content/StarterContent/Shapes/Shape_NarrowCapsule.uasset" 289
"D:/AppsWProjects/Unreal Engine 4/Projects/Project01/Content/StarterContent/Shapes/Shape_Pipe.uasset" 290
"D:/AppsWProjects/Unreal Engine 4/Projects/Project01/Content/StarterContent/Shapes/Shape_Pipe_180.uasset" 291
"D:/AppsWProjects/Unreal Engine 4/Projects/Project01/Content/StarterContent/Shapes/Shape_Pipe_90.uasset" 292
"D:/AppsWProjects/Unreal Engine 4/Projects/Project01/Content/StarterContent/Shapes/Shape_Plane.uasset" 293
"D:/AppsWProjects/Unreal Engine 4/Projects/Project01/Content/StarterContent/Shapes/Shape_Torus.uasset" 294
"D:/AppsWProjects/Unreal Engine 4/Projects/Project01/Content/StarterContent/Shapes/Shape_Trim.uasset" 295
"D:/AppsWProjects/Unreal Engine 4/Projects/Project01/Content/StarterContent/Shapes/Shape_Trim_90_In.uasset" 296
"D:/AppsWProjects/Unreal Engine 4/Projects/Project01/Content/StarterContent/Shapes/Shape_Trim_90_Out.uasset" 297
"D:/AppsWProjects/Unreal Engine 4/Projects/Project01/Content/StarterContent/Shapes/Shape_TriPyramid.uasset" 298
"D:/AppsWProjects/Unreal Engine 4/Projects/Project01/Content/StarterContent/Shapes/Shape_Tube.uasset" 299
"D:/AppsWProjects/Unreal Engine 4/Projects/Project01/Content/StarterContent/Shapes/Shape_Wedge_A.uasset" 300
"D:/AppsWProjects/Unreal Engine 4/Projects/Project01/Content/StarterContent/Shapes/Shape_Wedge_B.uasset" 301
"D:/AppsWProjects/Unreal Engine 4/Projects/Project01/Content/StarterContent/Shapes/Shape_WideCapsule.uasset" 302
"../../../Engine/Content/EngineMaterials/WorldGridMaterial.uasset" 303
"../../../Engine/Content/ArtTools/RenderToTexture/Meshes/S_1_Unit_Plane.uasset" 304
"../../../Engine/Content/BasicShapes/Cone.uasset" 305
"../../../Engine/Content/BasicShapes/Plane.uasset" 306
"../../../Engine/Content/EditorLandscapeResources/DataLayer.uasset" 307
"../../../Engine/Content/EditorLandscapeResources/DefaultAlphaTexture.uasset" 308
"../../../Engine/Content/EditorMaterials/MAT_Groups_Toggle.uasset" 309
"../../../Engine/Content/EditorMaterials/MAT_Groups_Visibility.uasset" 310
"../../../Engine/Content/EditorMaterials/PreviewShadowIndicator.uasset" 311
"../../../Engine/Content/EditorMaterials/PreviewShadowIndicatorMaterial.uasset" 312
"../../../Engine/Content/EditorMaterials/MatineeGroups/MAT_ColorTrack.uasset" 313
"../../../Engine/Content/EditorMaterials/MatineeGroups/MAT_Groups_Anim.uasset" 314
"../../../Engine/Content/EditorMaterials/MatineeGroups/MAT_Groups_AudioMaster.uasset" 315
"../../../Engine/Content/EditorMaterials/MatineeGroups/MAT_Groups_Director.uasset" 316
"../../../Engine/Content/EditorMaterials/MatineeGroups/MAT_Groups_Event.uasset" 317
"../../../Engine/Content/EditorMaterials/MatineeGroups/MAT_Groups_Fade.uasset" 318
"../../../Engine/Content/EditorMaterials/MatineeGroups/MAT_Groups_Float.uasset" 319
"../../../Engine/Content/EditorMaterials/MatineeGroups/MAT_Groups_Move.uasset" 320
"../../../Engine/Content/EditorMaterials/MatineeGroups/MAT_Groups_Slomo.uasset" 321
"../../../Engine/Content/EditorMaterials/MatineeGroups/MAT_Groups_Sound.uasset" 322
"../../../Engine/Content/EditorMaterials/MatineeGroups/MAT_Groups_Vector.uasset" 323
"../../../Engine/Content/EditorMaterials/ParticleSystems/PSysThumbnail_NoImage.uasset" 324
"../../../Engine/Content/EditorMaterials/ParticleSystems/PSysThumbnail_OOD.uasset" 325
"../../../Engine/Content/EditorMaterials/Camera/CineMat.uasset" 326
"../../../Engine/Content/EditorMaterials/Camera/MI_CineMat_Rig.uasset" 327
"../../../Engine/Content/EditorMeshes/Camera/SM_CraneRig_Arm.uasset" 328
"../../../Engine/Content/EditorMeshes/Camera/SM_CraneRig_Base.uasset" 329
"../../../Engine/Content/EditorMeshes/Camera/SM_CraneRig_Body.uasset" 330
"../../../Engine/Content/EditorMeshes/Camera/SM_CraneRig_Mount.uasset" 331
"../../../Engine/Content/EditorMeshes/Camera/SM_RailRig_Mount.uasset" 332
"../../../Engine/Content/EditorMeshes/Camera/SM_RailRig_Track.uasset" 333
"../../../Engine/Content/EditorResources/BSPVertex.uasset" 334
"../../../Engine/Content/EditorResources/EmptyActor.uasset" 335
"../../../Engine/Content/EditorResources/S_Actor.uasset" 336
"../../../Engine/Content/EditorResources/S_Note.uasset" 337
"../../../Engine/Content/EditorResources/S_Solver.uasset" 338
"../../../Engine/Content/EditorResources/S_Terrain.uasset" 339
"../../../Engine/Content/EditorResources/S_Trigger.uasset" 340
"../../../Engine/Content/EditorResources/AudioIcons/S_AudioComponent.uasset" 341
"../../../Engine/Content/EditorResources/AudioIcons/S_AudioComponent_AutoActivate.uasset" 342
"../../../Engine/Content/EditorResources/LightIcons/S_LightError.uasset" 343
"../../../Engine/Content/EditorResources/SequenceRecorder/Countdown.uasset" 344
"../../../Engine/Content/EditorResources/SequenceRecorder/RecordingIndicator.uasset" 345
"../../../Engine/Content/EngineDamageTypes/DmgTypeBP_Environmental.uasset" 346
"../../../Engine/Content/EngineDebugMaterials/DebugEditorMaterial.uasset" 347
"../../../Engine/Content/EngineDebugMaterials/DebugMeshMaterial.uasset" 348
"../../../Engine/Content/EngineDebugMaterials/M_SimpleUnlitTranslucent.uasset" 349
"../../../Engine/Content/EngineDebugMaterials/VolumeToRender.uasset" 350
"../../../Engine/Content/Functions/Engine_MaterialFunctions02/Utility/CameraDirectionVector.uasset" 351
"../../../Engine/Content/EngineDebugMaterials/M_VolumeRenderSphereTracePP.uasset" 352
"../../../Engine/Content/Functions/Engine_MaterialFunctions01/Shading/ConvertFromDiffSpec.uasset" 353
"../../../Engine/Content/EngineDebugMaterials/VertexColorMaterial.uasset" 354
"../../../Engine/Content/EngineDebugMaterials/WireframeMaterial.uasset" 355
"../../../Engine/Content/EngineFonts/Faces/RobotoRegular.uasset" 356
"../../../Engine/Content/EngineFonts/Faces/RobotoLight.uasset" 357
"../../../Engine/Content/EngineFonts/Faces/RobotoItalic.uasset" 358
"../../../Engine/Content/EngineFonts/Faces/RobotoBoldItalic.uasset" 359
"../../../Engine/Content/EngineFonts/Faces/RobotoBold.uasset" 360
"../../../Engine/Content/EngineFonts/Faces/DroidSansFallback.uasset" 361
"../../../Engine/Content/EngineFonts/Roboto.uasset" 362
"../../../Engine/Content/EngineMaterials/BaseFlattenNormalMap.uasset" 363
"../../../Engine/Content/EngineMaterials/BaseFlattenGrayscaleMap.uasset" 364
"../../../Engine/Content/EngineMaterials/BaseFlattenEmissiveMap.uasset" 365
"../../../Engine/Content/EngineMaterials/BaseFlattenDiffuseMap.uasset" 366
"../../../Engine/Content/EngineMaterials/BaseFlattenMaterial.uasset" 367
"../../../Engine/Content/EngineMaterials/BlueNoise.uasset" 368
"../../../Engine/Content/EngineMaterials/DefaultBloomKernel.uasset" 369
"../../../Engine/Content/EngineMaterials/DefaultBokeh.uasset" 370
"../../../Engine/Content/EngineMaterials/DefaultDiffuse.uasset" 371
"../../../Engine/Content/EngineMaterials/DefaultDeferredDecalMaterial.uasset" 372
"../../../Engine/Content/EngineMaterials/DefaultLightFunctionMaterial.uasset" 373
"../../../Engine/Content/Functions/Engine_MaterialFunctions02/Utility/BreakOutFloat2Components.uasset" 374
"../../../Engine/Content/EngineMaterials/DefaultPostProcessMaterial.uasset" 375
"../../../Engine/Content/EngineFonts/RobotoDistanceField.uasset" 376
"../../../Engine/Content/EngineMaterials/DefaultTextMaterialOpaque.uasset" 377
"../../../Engine/Content/EngineMaterials/DefaultWhiteGrid.uasset" 378
"../../../Engine/Content/EngineMaterials/DefaultWhiteGrid_Low.uasset" 379
"../../../Engine/Content/EngineMaterials/EmissiveMeshMaterial.uasset" 380
"../../../Engine/Content/EngineMaterials/GizmoMaterial.uasset" 381
"../../../Engine/Content/EngineMaterials/Good64x64TilingNoiseHighFreq.uasset" 382
"../../../Engine/Content/EngineMaterials/MiniFont.uasset" 383
"../../../Engine/Content/EngineMaterials/InvalidLightmapSettings.uasset" 384
"../../../Engine/Content/EngineMaterials/M_InvalidLightmapSettings.uasset" 385
"../../../Engine/Content/Functions/Engine_MaterialFunctions02/WorldPositionOffset/CameraOffset.uasset" 386
"../../../Engine/Content/EngineMaterials/PhAT_JointLimitMaterial.uasset" 387
"../../../Engine/Content/EngineMaterials/PreintegratedSkinBRDF.uasset" 388
"../../../Engine/Content/EngineMaterials/RemoveSurfaceMaterial.uasset" 389
"../../../Engine/Content/EngineMaterials/WeightMapPlaceholderTexture.uasset" 390
"../../../Engine/Content/EngineResources/WhiteSquareTexture.uasset" 391
"../../../Engine/Content/EngineMaterials/Widget3DPassThrough.uasset" 392
"../../../Engine/Content/EngineMaterials/Widget3DPassThrough_Masked.uasset" 393
"../../../Engine/Content/EngineMaterials/Widget3DPassThrough_Opaque.uasset" 394
"../../../Engine/Content/EngineMaterials/Widget3DPassThrough_Masked_OneSided.uasset" 395
"../../../Engine/Content/EngineMaterials/Widget3DPassThrough_Opaque_OneSided.uasset" 396
"../../../Engine/Content/EngineMaterials/Widget3DPassThrough_Translucent.uasset" 397
"../../../Engine/Content/EngineMaterials/Widget3DPassThrough_Translucent_OneSided.uasset" 398
"../../../Engine/Content/EngineMeshes/Cylinder.uasset" 399
"../../../Engine/Content/EngineMeshes/Sphere.uasset" 400
"../../../Engine/Content/EngineResources/Black.uasset" 401
"../../../Engine/Content/EngineResources/DefaultTextureCube.uasset" 402
"../../../Engine/Content/EngineResources/DefaultVolumeTexture2D.uasset" 403
"../../../Engine/Content/EngineResources/DefaultVolumeTexture.uasset" 404
"../../../Engine/Content/EngineResources/GradientTexture0.uasset" 405
"../../../Engine/Content/EngineSky/VolumetricClouds/T_NoiseShape64.uasset" 406
"../../../Engine/Content/EngineSky/VolumetricClouds/T_VolumeNoiseShape64.uasset" 407
"../../../Engine/Content/EngineSky/VolumetricClouds/T_NoiseErosion.uasset" 408
"../../../Engine/Content/EngineSky/VolumetricClouds/T_VolumeNoiseErosion32.uasset" 409
"../../../Engine/Content/EngineSky/VolumetricClouds/CloudWeatherTexture.uasset" 410
"../../../Engine/Content/EngineSky/VolumetricClouds/CloudGradientTexture.uasset" 411
"../../../Engine/Content/Functions/Engine_MaterialFunctions02/Utility/MakeFloat2.uasset" 412
"../../../Engine/Content/EngineSky/VolumetricClouds/m_SimpleVolumetricCloud.uasset" 413
"../../../Engine/Content/EngineSky/VolumetricClouds/m_SimpleVolumetricCloud_Inst.uasset" 414
"../../../Engine/Content/EngineSounds/Master.uasset" 415
"../../../Engine/Content/Functions/Engine_MaterialFunctions01/Shading/PowerToRoughness.uasset" 416
"../../../Engine/Content/Maps/Templates/Thumbnails/Default.uasset" 417
"../../../Engine/Content/Maps/Templates/Thumbnails/TimeOfDay.uasset" 418
"../../../Engine/Content/Maps/Templates/Thumbnails/VR-Basic.uasset" 419
"../../../Engine/Content/MobileResources/T_MobileControls_texture.uasset" 420
"../../../Engine/Content/MobileResources/T_MobileMenu2.uasset" 421
"../../../Engine/Content/MobileResources/HUD/AnalogHat.uasset" 422
"../../../Engine/Content/MobileResources/HUD/VirtualJoystick_Thumb.uasset" 423
"../../../Engine/Content/MobileResources/HUD/VirtualJoystick_Background.uasset" 424
"../../../Engine/Content/MobileResources/HUD/DefaultVirtualJoysticks.uasset" 425
"../../../Engine/Content/MobileResources/HUD/LeftVirtualJoystickOnly.uasset" 426
"../../../Engine/Content/MobileResources/HUD/MobileHUDButton1_off.uasset" 427
"../../../Engine/Content/MobileResources/HUD/MobileHUDButton1_on.uasset" 428
"../../../Engine/Content/MobileResources/HUD/MobileHUDButton2_off.uasset" 429
"../../../Engine/Content/MobileResources/HUD/MobileHUDButton2_on.uasset" 430
"../../../Engine/Content/MobileResources/HUD/MobileHUDButton3.uasset" 431
"../../../Engine/Content/MobileResources/HUD/MobileHUDButtonFire.uasset" 432
"../../../Engine/Content/MobileResources/HUD/MobileHUDDirectionPad.uasset" 433
"../../../Engine/Content/MobileResources/HUD/MobileHUDDirectionPad2.uasset" 434
"../../../Engine/Content/MobileResources/HUD/MobileHUDDirectionPad3.uasset" 435
"../../../Engine/Content/MobileResources/HUD/MobileHUDDirectionStick.uasset" 436
"../../../Engine/Content/MobileResources/HUD/T_Castle_ThumbstickInner.uasset" 437
"../../../Engine/Content/MobileResources/HUD/T_Castle_ThumbstickOutter.uasset" 438
"../../../Engine/Content/Tutorial/ContentIntroCurve.uasset" 439
"../../../Engine/Content/Tutorial/Basics/LevelEditorAttract.uasset" 440
"../../../Engine/Content/VREditor/TransformGizmo/TranslucentTransformGizmoMaterial.uasset" 441
"../../../Engine/Content/VREditor/LaserPointer/VR_LaserPower_01.uasset" 442
"../../../Engine/Content/VREditor/TransformGizmo/TransformGizmoMaterial.uasset" 443
"../../../Engine/Content/VREditor/TransformGizmo/BoundingBoxCorner.uasset" 444
"../../../Engine/Content/VREditor/TransformGizmo/BoundingBoxEdge.uasset" 445
"../../../Engine/Content/VREditor/TransformGizmo/PlaneTranslationHandle.uasset" 446
"../../../Engine/Content/VREditor/TransformGizmo/Xray.uasset" 447
"../../../Engine/Content/VREditor/TransformGizmo/Main.uasset" 448
"../../../Engine/Content/VREditor/TransformGizmo/SM_Sequencer_Key.uasset" 449
"../../../Engine/Content/VREditor/TransformGizmo/SM_Sequencer_Node.uasset" 450
"../../Plugins/2D/Paper2D/Content/PlaceholderTextures/DummySpriteTexture.uasset" 451
"../../Plugins/2D/Paper2D/Content/DummySprite.uasset" 452
"../../Plugins/2D/Paper2D/Content/DefaultPaperTerrainMaterial.uasset" 453
"../../Plugins/2D/Paper2D/Content/DefaultSpriteMaterial.uasset" 454
"../../Plugins/2D/Paper2D/Content/MaskedUnlitSpriteMaterial.uasset" 455
"../../Plugins/2D/Paper2D/Content/OpaqueUnlitSpriteMaterial.uasset" 456
"../../../Engine/Content/Functions/Engine_MaterialFunctions02/Utility/BreakOutFloat3Components.uasset" 457
"../../../Engine/Content/Functions/Engine_MaterialFunctions02/ObjectLocalBounds.uasset" 458
"../../Plugins/Editor/SpeedTreeImporter/Content/SpeedTree9/UnpackInteger3.uasset" 459
"../../Plugins/Editor/SpeedTreeImporter/Content/SpeedTree9/UnpackDirection.uasset" 460
"../../Plugins/Editor/SpeedTreeImporter/Content/SpeedTree9/game_wind_noise.uasset" 461
"../../../Engine/Content/Functions/Engine_MaterialFunctions02/SafeNormalize.uasset" 462
"../../Plugins/Editor/SpeedTreeImporter/Content/SpeedTree9/SpeedTreeWindMotion.uasset" 463
"../../Plugins/Editor/SpeedTreeImporter/Content/SpeedTree9/SpeedTreeBranchMotion.uasset" 464
"../../../Engine/Content/Functions/Engine_MaterialFunctions02/UVs/BoundingBoxBased_0-1_UVW.uasset" 465
"../../Plugins/Editor/SpeedTreeImporter/Content/SpeedTree9/SpeedTreeWind.uasset" 466
"../../Plugins/Editor/SpeedTreeImporter/Content/SpeedTree9/SpeedTreeBillboard.uasset" 467
"../../../Engine/Content/EngineResources/DefaultTexture.uasset" 468
"../../Plugins/Editor/SpeedTreeImporter/Content/SpeedTree9/SpeedTreeBillboardMaster.uasset" 469
"../../Plugins/Editor/SpeedTreeImporter/Content/SpeedTree9/SpeedTreeCameraFacing.uasset" 470
"../../Plugins/Editor/SpeedTreeImporter/Content/SpeedTree9/SpeedTreeMaster.uasset" 471
"../../../Engine/Content/BasicShapes/Cylinder.uasset" 472
"../../../Engine/Content/ArtTools/RenderToTexture/Materials/Debug/M_Emissive_Color.uasset" 473
"../../Plugins/Lumin/MagicLeapPassableWorld/Content/MagicLeapARPinInfoActor.uasset" 474
"../../../Engine/Content/Functions/Engine_MaterialFunctions02/Utility/BreakOutFloat4Components.uasset" 475
"../../../Engine/Content/Functions/Engine_MaterialFunctions02/Utility/MakeFloat3.uasset" 476
"../../Plugins/Runtime/Oculus/OculusVR/Content/Materials/OculusMR_ChromaKey.uasset" 477
"../../Plugins/Runtime/Oculus/OculusVR/Content/Materials/OculusMR_OpaqueColoredMaterial.uasset" 478
"../../Plugins/Runtime/Oculus/OculusVR/Content/Materials/PokeAHoleMaterial.uasset" 479
"D:/AppsWProjects/Unreal Engine 4/Projects/Project01/Content/Geometry/Meshes/1M_Cube.uasset" 480
"../../../Engine/Content/EngineSky/T_Sky_Stars.uasset" 481
"../../../Engine/Content/EngineSky/T_Sky_Clouds_M.uasset" 482
"../../../Engine/Content/EngineSky/T_Sky_Blue.uasset" 483
"../../../Engine/Content/EngineSky/M_Sky_Panning_Clouds2.uasset" 484
"../../../Engine/Content/Functions/Engine_MaterialFunctions03/Procedurals/ComputeFilterWidth.uasset" 485
"../../../Engine/Content/EngineMaterials/AntiAliasedTextMaterialTranslucent.uasset" 486
"D:/AppsWProjects/Unreal Engine 4/Projects/Project01/Content/FirstPersonBP/Maps/FirstPersonExampleMap_BuiltData.uasset" 487
"../../../Engine/Content/EngineSky/SM_SkySphere.uasset" 488
"../../../Engine/Content/EngineSky/C_Sky_Zenith_Color.uasset" 489
"../../../Engine/Content/EngineSky/C_Sky_Horizon_Color.uasset" 490
"../../../Engine/Content/EngineSky/C_Sky_Cloud_Color.uasset" 491
"../../../Engine/Content/EngineSky/BP_Sky_Sphere.uasset" 492
"D:/AppsWProjects/Unreal Engine 4/Projects/Project01/Content/FirstPerson/Textures/FirstPersonCrosshair.uasset" 493
"D:/AppsWProjects/Unreal Engine 4/Projects/Project01/Content/FirstPersonBP/Blueprints/FirstPersonHUD.uasset" 494
"D:/AppsWProjects/Unreal Engine 4/Projects/Project01/Content/FirstPerson/FPWeapon/Mesh/SK_FPGun_Skeleton.uasset" 495
"D:/AppsWProjects/Unreal Engine 4/Projects/Project01/Content/FirstPerson/FPWeapon/Materials/MaterialLayers/T_ML_Rubber_Blue_01_N.uasset" 496
"D:/AppsWProjects/Unreal Engine 4/Projects/Project01/Content/FirstPerson/FPWeapon/Materials/MaterialLayers/T_ML_Rubber_Blue_01_D.uasset" 497
"D:/AppsWProjects/Unreal Engine 4/Projects/Project01/Content/FirstPerson/FPWeapon/Materials/MaterialLayers/ML_GlossyBlack_Latex_UE4.uasset" 498
"D:/AppsWProjects/Unreal Engine 4/Projects/Project01/Content/FirstPerson/FPWeapon/Materials/MaterialLayers/ML_Plastic_Shiny_Beige.uasset" 499
"D:/AppsWProjects/Unreal Engine 4/Projects/Project01/Content/FirstPerson/FPWeapon/Materials/MaterialLayers/ML_Screen.uasset" 500
"D:/AppsWProjects/Unreal Engine 4/Projects/Project01/Content/FirstPerson/FPWeapon/Textures/T_FPGun_N.uasset" 501
"D:/AppsWProjects/Unreal Engine 4/Projects/Project01/Content/FirstPerson/FPWeapon/Materials/MaterialLayers/T_ML_Aluminum01_N.uasset" 502
"D:/AppsWProjects/Unreal Engine 4/Projects/Project01/Content/FirstPerson/FPWeapon/Materials/MaterialLayers/T_ML_Aluminum01.uasset" 503
"D:/AppsWProjects/Unreal Engine 4/Projects/Project01/Content/FirstPerson/FPWeapon/Materials/MaterialLayers/ML_SoftMetal_UE4.uasset" 504
"D:/AppsWProjects/Unreal Engine 4/Projects/Project01/Content/FirstPerson/FPWeapon/Textures/T_FPGun_M.uasset" 505
"D:/AppsWProjects/Unreal Engine 4/Projects/Project01/Content/FirstPerson/FPWeapon/Materials/M_FPGun.uasset" 506
"D:/AppsWProjects/Unreal Engine 4/Projects/Project01/Content/FirstPerson/FPWeapon/Mesh/SK_FPGun.uasset" 507
"D:/AppsWProjects/Unreal Engine 4/Projects/Project01/Content/FirstPerson/Animations/FirstPerson_Fire.uasset" 508
"D:/AppsWProjects/Unreal Engine 4/Projects/Project01/Content/FirstPerson/Animations/FirstPersonFire_Montage.uasset" 509
"D:/AppsWProjects/Unreal Engine 4/Projects/Project01/Content/FirstPerson/Audio/FirstPersonTemplateWeaponFire02.uasset" 510
"D:/AppsWProjects/Unreal Engine 4/Projects/Project01/Content/FirstPersonBP/Blueprints/FirstPersonCharacter.uasset" 511
"D:/AppsWProjects/Unreal Engine 4/Projects/Project01/Content/FirstPersonBP/Blueprints/FirstPersonGameMode.uasset" 512
"D:/AppsWProjects/Unreal Engine 4/Projects/Project01/Content/FirstPerson/Meshes/CubeMaterialOverride.uasset" 513
"D:/AppsWProjects/Unreal Engine 4/Projects/Project01/Content/FirstPersonBP/Maps/FirstPersonExampleMap.umap" 514
"D:/AppsWProjects/Unreal Engine 4/Projects/Project01/Content/StarterContent/Textures/T_Perlin_Noise_M.uasset" 515
"D:/AppsWProjects/Unreal Engine 4/Projects/Project01/Content/StarterContent/Textures/T_MacroVariation.uasset" 516
"D:/AppsWProjects/Unreal Engine 4/Projects/Project01/Content/StarterContent/Textures/T_Ground_Grass_N.uasset" 517
"D:/AppsWProjects/Unreal Engine 4/Projects/Project01/Content/StarterContent/Textures/T_Ground_Grass_D.uasset" 518
"D:/AppsWProjects/Unreal Engine 4/Projects/Project01/Content/ShooterSimplifiedAI/Maps/Meshes/Materials/M_RampMaterial.uasset" 519
"D:/AppsWProjects/Unreal Engine 4/Projects/Project01/Content/ShooterSimplifiedAI/Maps/Meshes/Linear_Stair_StaticMesh.uasset" 520
"D:/AppsWProjects/Unreal Engine 4/Projects/Project01/Content/ShooterSimplifiedAI/Maps/Meshes/1M_Cube.uasset" 521
"../../../Engine/Content/EngineMaterials/DefaultPhysicalMaterial.uasset" 522
"../../../Engine/Content/BasicShapes/Cube.uasset" 523
"D:/AppsWProjects/Unreal Engine 4/Projects/Project01/Content/StarterContent/Textures/T_Rock_Sandstone_N.uasset" 524
"D:/AppsWProjects/Unreal Engine 4/Projects/Project01/Content/StarterContent/Textures/T_Rock_Sandstone_D.uasset" 525
"D:/AppsWProjects/Unreal Engine 4/Projects/Project01/Content/StarterContent/Materials/M_Rock_Sandstone.uasset" 526
"D:/AppsWProjects/Unreal Engine 4/Projects/Project01/Content/MainLevel/Materials/INST_Basic_Wall.uasset" 527
"D:/AppsWProjects/Unreal Engine 4/Projects/Project01/Content/StarterContent/Materials/M_Ground_Grass.uasset" 528
"D:/AppsWProjects/Unreal Engine 4/Projects/Project01/Content/MainLevel/MainLevel_BuiltData.uasset" 529
"D:/AppsWProjects/Unreal Engine 4/Projects/Project01/Content/ShooterSimplifiedAI/Blueprints/ShooterGameMode.uasset" 530
"D:/AppsWProjects/Unreal Engine 4/Projects/Project01/Content/MainLevel/Sounds/Sound_HealthPickUp.uasset" 531
"D:/AppsWProjects/Unreal Engine 4/Projects/Project01/Content/Geometry/Meshes/M_HealthPickUp.uasset" 532
"D:/AppsWProjects/Unreal Engine 4/Projects/Project01/Content/Geometry/Meshes/INST_HealthPickUp.uasset" 533
"D:/AppsWProjects/Unreal Engine 4/Projects/Project01/Content/MainLevel/Scripts/Medkit.uasset" 534
"D:/AppsWProjects/Unreal Engine 4/Projects/Project01/Content/StarterContent/Textures/T_Wood_Oak_N.uasset" 535
"D:/AppsWProjects/Unreal Engine 4/Projects/Project01/Content/StarterContent/Textures/T_Wood_Oak_D.uasset" 536
"D:/AppsWProjects/Unreal Engine 4/Projects/Project01/Content/StarterContent/Materials/M_Wood_Oak.uasset" 537
"D:/AppsWProjects/Unreal Engine 4/Projects/Project01/Content/MainLevel/Materials/INST_Wood_Oak.uasset" 538
"D:/AppsWProjects/Unreal Engine 4/Projects/Project01/Content/MainLevel/Scripts/Door.uasset" 539
"D:/AppsWProjects/Unreal Engine 4/Projects/Project01/Content/ShooterSimplifiedAI/Blueprints/Spawners/OnOverlapEnemySpawner_BP.uasset" 540
"D:/AppsWProjects/Unreal Engine 4/Projects/Project01/Content/ShooterSimplifiedAI/Blueprints/AI/BehaviorTree/Tasks/BTT_MoveToAssaultPath.uasset" 541
"D:/AppsWProjects/Unreal Engine 4/Projects/Project01/Content/ShooterSimplifiedAI/Blueprints/AI/BehaviorTree/ExampleBehaviorTrees/BT_PathAssault_AI.uasset" 542
"D:/AppsWProjects/Unreal Engine 4/Projects/Project01/Content/ShooterSimplifiedAI/Blueprints/AI/BehaviorTree/ExampleBehaviorTrees/BT_Guard_AI.uasset" 543
"D:/AppsWProjects/Unreal Engine 4/Projects/Project01/Content/ShooterSimplifiedAI/Blueprints/AI/BehaviorTree/ExampleBehaviorTrees/BT_Assault_AI.uasset" 544
"D:/AppsWProjects/Unreal Engine 4/Projects/Project01/Content/MainLevel/Sounds/Sound_Win.uasset" 545
"D:/AppsWProjects/Unreal Engine 4/Projects/Project01/Content/MainLevel/Scripts/Win_State_Widget.uasset" 546
"D:/AppsWProjects/Unreal Engine 4/Projects/Project01/Content/MainLevel/Scripts/BP_WIN.uasset" 547
"D:/AppsWProjects/Unreal Engine 4/Projects/Project01/Content/MainLevel/Scripts/BP_Objective.uasset" 548
"D:/AppsWProjects/Unreal Engine 4/Projects/Project01/Content/MainLevel/MainLevel.umap" 549
"../../../Engine/Content/MapTemplates/SM_Template_Map_Floor.uasset" 550
"D:/AppsWProjects/Unreal Engine 4/Projects/Project01/Content/ShooterSimplifiedAI/Maps/Meshes/Materials/T_Settings_4.uasset" 551
"D:/AppsWProjects/Unreal Engine 4/Projects/Project01/Content/ShooterSimplifiedAI/Maps/Meshes/Materials/T_Settings_1.uasset" 552
"D:/AppsWProjects/Unreal Engine 4/Projects/Project01/Content/ShooterSimplifiedAI/Maps/Meshes/Materials/M_Settings.uasset" 553
"D:/AppsWProjects/Unreal Engine 4/Projects/Project01/Content/ShooterSimplifiedAI/Maps/Meshes/Materials/MI_Settings_4.uasset" 554
"D:/AppsWProjects/Unreal Engine 4/Projects/Project01/Content/ShooterSimplifiedAI/Maps/Meshes/Materials/T_Settings_2.uasset" 555
"D:/AppsWProjects/Unreal Engine 4/Projects/Project01/Content/ShooterSimplifiedAI/Maps/Meshes/Materials/MI_Settings_2.uasset" 556
"D:/AppsWProjects/Unreal Engine 4/Projects/Project01/Content/ShooterSimplifiedAI/Maps/Meshes/Materials/MI_Settings_1.uasset" 557
"D:/AppsWProjects/Unreal Engine 4/Projects/Project01/Content/ShooterSimplifiedAI/Maps/Meshes/Materials/MI_CubeMaterial_Inst.uasset" 558
"D:/AppsWProjects/Unreal Engine 4/Projects/Project01/Content/ShooterSimplifiedAI/Maps/Meshes/Materials/M_TextMaterialOpaque.uasset" 559
"D:/AppsWProjects/Unreal Engine 4/Projects/Project01/Content/MainLevel/MainLevelCopy_BuiltData.uasset" 560
"D:/AppsWProjects/Unreal Engine 4/Projects/Project01/Content/ShooterSimplifiedAI/Maps/Meshes/Materials/T_Settings_3.uasset" 561
"D:/AppsWProjects/Unreal Engine 4/Projects/Project01/Content/ShooterSimplifiedAI/Maps/Meshes/Materials/MI_Settings_3.uasset" 562
"D:/AppsWProjects/Unreal Engine 4/Projects/Project01/Content/MainLevel/MainLevelCopy.umap" 563
"D:/AppsWProjects/Unreal Engine 4/Projects/Project01/Content/ShooterSimplifiedAI/Maps/DemoMap_ShooterAI_BuiltData.uasset" 564
"D:/AppsWProjects/Unreal Engine 4/Projects/Project01/Content/ShooterSimplifiedAI/Maps/DemoMap_ShooterAI.umap" 565
"D:/AppsWProjects/Unreal Engine 4/Projects/Project01/Content/StarterContent/Materials/M_AssetPlatform.uasset" 566
"D:/AppsWProjects/Unreal Engine 4/Projects/Project01/Content/StarterContent/Architecture/SM_AssetPlatform.uasset" 567
"../../../Engine/Content/EditorMeshes/ColorCalibrator/M_GreyBall.uasset" 568
"../../../Engine/Content/EditorMeshes/ColorCalibrator/Color_checker.uasset" 569
"../../../Engine/Content/EditorMeshes/ColorCalibrator/M_ColorGrid.uasset" 570
"../../../Engine/Content/EditorMeshes/ColorCalibrator/M_ClearCoatBlack.uasset" 571
"../../../Engine/Content/EditorMeshes/ColorCalibrator/M_ClearCoat.uasset" 572
"../../../Engine/Content/EditorMeshes/ColorCalibrator/M_ChromeBall.uasset" 573
"../../../Engine/Content/EditorMeshes/ColorCalibrator/SM_ColorCalibrator.uasset" 574
"D:/AppsWProjects/Unreal Engine 4/Projects/Project01/Content/StarterContent/Maps/Advanced_Lighting_BuiltData.uasset" 575
"D:/AppsWProjects/Unreal Engine 4/Projects/Project01/Content/StarterContent/HDRI/HDRI_Epic_Courtyard_Daylight.uasset" 576
"../../../Engine/Content/MapTemplates/Sky/DaylightAmbientCubemap.uasset" 577
"D:/AppsWProjects/Unreal Engine 4/Projects/Project01/Content/StarterContent/Blueprints/Assets/M_LightStage_Skybox_Master.uasset" 578
"D:/AppsWProjects/Unreal Engine 4/Projects/Project01/Content/StarterContent/Blueprints/Assets/M_LightStage_Skybox_HDRI.uasset" 579
"D:/AppsWProjects/Unreal Engine 4/Projects/Project01/Content/StarterContent/Blueprints/Assets/M_LightStage_Arrows.uasset" 580
"D:/AppsWProjects/Unreal Engine 4/Projects/Project01/Content/StarterContent/Blueprints/Assets/SM_Arrows.uasset" 581
"../../../Engine/Content/EditorMaterials/Thumbnails/SkySphereMaterial.uasset" 582
"D:/AppsWProjects/Unreal Engine 4/Projects/Project01/Content/StarterContent/Blueprints/Assets/Skybox.uasset" 583
"D:/AppsWProjects/Unreal Engine 4/Projects/Project01/Content/StarterContent/Blueprints/Assets/M_LightStage_Skybox_Black.uasset" 584
"D:/AppsWProjects/Unreal Engine 4/Projects/Project01/Content/StarterContent/Blueprints/Assets/SunlightColorLUT.uasset" 585
"D:/AppsWProjects/Unreal Engine 4/Projects/Project01/Content/StarterContent/Blueprints/Assets/FogBrightnessLUT.uasset" 586
"D:/AppsWProjects/Unreal Engine 4/Projects/Project01/Content/StarterContent/Blueprints/BP_LightStudio.uasset" 587
"D:/AppsWProjects/Unreal Engine 4/Projects/Project01/Content/StarterContent/Maps/Advanced_Lighting.umap" 588
"D:/AppsWProjects/Unreal Engine 4/Projects/Project01/Content/StarterContent/Architecture/Floor_400x400.uasset" 589
"D:/AppsWProjects/Unreal Engine 4/Projects/Project01/Content/StarterContent/Textures/T_TableRound_N.uasset" 590
"D:/AppsWProjects/Unreal Engine 4/Projects/Project01/Content/StarterContent/Textures/T_TableRound_M.uasset" 591
"D:/AppsWProjects/Unreal Engine 4/Projects/Project01/Content/StarterContent/Props/Materials/M_TableRound.uasset" 592
"D:/AppsWProjects/Unreal Engine 4/Projects/Project01/Content/StarterContent/Props/SM_TableRound.uasset" 593
"D:/AppsWProjects/Unreal Engine 4/Projects/Project01/Content/StarterContent/Textures/T_Statue_N.uasset" 594
"D:/AppsWProjects/Unreal Engine 4/Projects/Project01/Content/StarterContent/Textures/T_Statue_M.uasset" 595
"D:/AppsWProjects/Unreal Engine 4/Projects/Project01/Content/StarterContent/Props/Materials/M_Statue.uasset" 596
"D:/AppsWProjects/Unreal Engine 4/Projects/Project01/Content/StarterContent/Props/Materials/M_StatueGlass.uasset" 597
"D:/AppsWProjects/Unreal Engine 4/Projects/Project01/Content/StarterContent/Props/SM_Statue.uasset" 598
"D:/AppsWProjects/Unreal Engine 4/Projects/Project01/Content/StarterContent/Props/SM_Chair.uasset" 599
"D:/AppsWProjects/Unreal Engine 4/Projects/Project01/Content/StarterContent/Textures/T_Metal_Copper_D.uasset" 600
"D:/AppsWProjects/Unreal Engine 4/Projects/Project01/Content/StarterContent/Textures/T_Metal_Gold_N.uasset" 601
"D:/AppsWProjects/Unreal Engine 4/Projects/Project01/Content/StarterContent/Materials/M_Metal_Copper.uasset" 602
"D:/AppsWProjects/Unreal Engine 4/Projects/Project01/Content/StarterContent/Textures/T_Metal_Aluminum_D.uasset" 603
"D:/AppsWProjects/Unreal Engine 4/Projects/Project01/Content/StarterContent/Materials/M_Metal_Burnished_Steel.uasset" 604
"D:/AppsWProjects/Unreal Engine 4/Projects/Project01/Content/StarterContent/Materials/M_Metal_Brushed_Nickel.uasset" 605
"D:/AppsWProjects/Unreal Engine 4/Projects/Project01/Content/StarterContent/Maps/Minimal_Default_BuiltData.uasset" 606
"D:/AppsWProjects/Unreal Engine 4/Projects/Project01/Content/StarterContent/Audio/Starter_Background_Cue.uasset" 607
"D:/AppsWProjects/Unreal Engine 4/Projects/Project01/Content/StarterContent/Maps/Minimal_Default.umap" 608
"D:/AppsWProjects/Unreal Engine 4/Projects/Project01/Content/StarterContent/Shapes/Shape_Sphere.uasset" 609
"D:/AppsWProjects/Unreal Engine 4/Projects/Project01/Content/StarterContent/Shapes/Shape_QuadPyramid.uasset" 610
"D:/AppsWProjects/Unreal Engine 4/Projects/Project01/Content/StarterContent/Shapes/Shape_Cube.uasset" 611
"D:/AppsWProjects/Unreal Engine 4/Projects/Project01/Content/StarterContent/Textures/T_Frame_N.uasset" 612
"D:/AppsWProjects/Unreal Engine 4/Projects/Project01/Content/StarterContent/Textures/T_Frame_M.uasset" 613
"D:/AppsWProjects/Unreal Engine 4/Projects/Project01/Content/StarterContent/Props/Materials/M_Frame.uasset" 614
"D:/AppsWProjects/Unreal Engine 4/Projects/Project01/Content/StarterContent/Props/SM_WindowFrame.uasset" 615
"D:/AppsWProjects/Unreal Engine 4/Projects/Project01/Content/StarterContent/Props/SM_PillarFrame300.uasset" 616
"D:/AppsWProjects/Unreal Engine 4/Projects/Project01/Content/StarterContent/Props/SM_PillarFrame.uasset" 617
"D:/AppsWProjects/Unreal Engine 4/Projects/Project01/Content/StarterContent/Props/SM_GlassWindow.uasset" 618
"D:/AppsWProjects/Unreal Engine 4/Projects/Project01/Content/StarterContent/Props/SM_DoorFrame.uasset" 619
"D:/AppsWProjects/Unreal Engine 4/Projects/Project01/Content/StarterContent/Props/SM_CornerFrame.uasset" 620
"D:/AppsWProjects/Unreal Engine 4/Projects/Project01/Content/StarterContent/Props/MaterialSphere.uasset" 621
"D:/AppsWProjects/Unreal Engine 4/Projects/Project01/Content/StarterContent/Textures/T_Dust_Particle_D.uasset" 622
"D:/AppsWProjects/Unreal Engine 4/Projects/Project01/Content/StarterContent/Particles/Materials/M_Dust_Particle.uasset" 623
"D:/AppsWProjects/Unreal Engine 4/Projects/Project01/Content/StarterContent/Particles/P_Ambient_Dust.uasset" 624
"D:/AppsWProjects/Unreal Engine 4/Projects/Project01/Content/StarterContent/Textures/T_Wood_Walnut_N.uasset" 625
"D:/AppsWProjects/Unreal Engine 4/Projects/Project01/Content/StarterContent/Textures/T_Wood_Walnut_D.uasset" 626
"D:/AppsWProjects/Unreal Engine 4/Projects/Project01/Content/StarterContent/Materials/M_Wood_Walnut.uasset" 627
"D:/AppsWProjects/Unreal Engine 4/Projects/Project01/Content/StarterContent/Textures/T_Wood_Pine_N.uasset" 628
"D:/AppsWProjects/Unreal Engine 4/Projects/Project01/Content/StarterContent/Textures/T_Wood_Pine_D.uasset" 629
"D:/AppsWProjects/Unreal Engine 4/Projects/Project01/Content/StarterContent/Materials/M_Wood_Pine.uasset" 630
"../../../Engine/Content/Functions/Engine_MaterialFunctions01/Opacity/AlphaOffset.uasset" 631
"D:/AppsWProjects/Unreal Engine 4/Projects/Project01/Content/StarterContent/Textures/T_Wood_Floor_Walnut_N.uasset" 632
"D:/AppsWProjects/Unreal Engine 4/Projects/Project01/Content/StarterContent/Textures/T_Wood_Floor_Walnut_M.uasset" 633
"D:/AppsWProjects/Unreal Engine 4/Projects/Project01/Content/StarterContent/Textures/T_Wood_Floor_Walnut_D.uasset" 634
"D:/AppsWProjects/Unreal Engine 4/Projects/Project01/Content/StarterContent/Materials/M_Wood_Floor_Walnut_Worn.uasset" 635
"D:/AppsWProjects/Unreal Engine 4/Projects/Project01/Content/StarterContent/Materials/M_Wood_Floor_Walnut_Polished.uasset" 636
"D:/AppsWProjects/Unreal Engine 4/Projects/Project01/Content/StarterContent/Textures/T_Water_M.uasset" 637
"D:/AppsWProjects/Unreal Engine 4/Projects/Project01/Content/StarterContent/Textures/T_Water_N.uasset" 638
"D:/AppsWProjects/Unreal Engine 4/Projects/Project01/Content/StarterContent/Materials/M_Water_Ocean.uasset" 639
"D:/AppsWProjects/Unreal Engine 4/Projects/Project01/Content/StarterContent/Materials/M_Water_Lake.uasset" 640
"D:/AppsWProjects/Unreal Engine 4/Projects/Project01/Content/StarterContent/Textures/T_Tech_Panel_N.uasset" 641
"D:/AppsWProjects/Unreal Engine 4/Projects/Project01/Content/StarterContent/Textures/T_Tech_Panel_M.uasset" 642
"D:/AppsWProjects/Unreal Engine 4/Projects/Project01/Content/StarterContent/Textures/T_Metal_Steel_D.uasset" 643
"D:/AppsWProjects/Unreal Engine 4/Projects/Project01/Content/StarterContent/Materials/M_Tech_Panel.uasset" 644
"D:/AppsWProjects/Unreal Engine 4/Projects/Project01/Content/StarterContent/Textures/T_Tech_Hex_Tile_N.uasset" 645
"D:/AppsWProjects/Unreal Engine 4/Projects/Project01/Content/StarterContent/Textures/T_Tech_Hex_Tile_M.uasset" 646
"D:/AppsWProjects/Unreal Engine 4/Projects/Project01/Content/StarterContent/Materials/M_Tech_Hex_Tile_Pulse.uasset" 647
"D:/AppsWProjects/Unreal Engine 4/Projects/Project01/Content/StarterContent/Materials/M_Tech_Hex_Tile.uasset" 648
"D:/AppsWProjects/Unreal Engine 4/Projects/Project01/Content/StarterContent/Textures/T_Tech_Dot_N.uasset" 649
"D:/AppsWProjects/Unreal Engine 4/Projects/Project01/Content/StarterContent/Textures/T_Tech_Dot_M.uasset" 650
"D:/AppsWProjects/Unreal Engine 4/Projects/Project01/Content/StarterContent/Textures/T_Single_Tile_N.uasset" 651
"D:/AppsWProjects/Unreal Engine 4/Projects/Project01/Content/StarterContent/Textures/T_Checker_Noise_M.uasset" 652
"D:/AppsWProjects/Unreal Engine 4/Projects/Project01/Content/StarterContent/Materials/M_Tech_Checker_Dot.uasset" 653
"D:/AppsWProjects/Unreal Engine 4/Projects/Project01/Content/StarterContent/Textures/T_Rock_Slate_N.uasset" 654
"D:/AppsWProjects/Unreal Engine 4/Projects/Project01/Content/StarterContent/Textures/T_Rock_Slate_D.uasset" 655
"D:/AppsWProjects/Unreal Engine 4/Projects/Project01/Content/StarterContent/Materials/M_Rock_Slate.uasset" 656
"D:/AppsWProjects/Unreal Engine 4/Projects/Project01/Content/StarterContent/Textures/T_Rock_Marble_Polished_D.uasset" 657
"D:/AppsWProjects/Unreal Engine 4/Projects/Project01/Content/StarterContent/Materials/M_Rock_Marble_Polished.uasset" 658
"D:/AppsWProjects/Unreal Engine 4/Projects/Project01/Content/StarterContent/Textures/T_Rock_Basalt_N.uasset" 659
"D:/AppsWProjects/Unreal Engine 4/Projects/Project01/Content/StarterContent/Materials/M_Rock_Basalt.uasset" 660
"D:/AppsWProjects/Unreal Engine 4/Projects/Project01/Content/StarterContent/Textures/T_Metal_Steel_N.uasset" 661
"D:/AppsWProjects/Unreal Engine 4/Projects/Project01/Content/StarterContent/Materials/M_Metal_Steel.uasset" 662
"D:/AppsWProjects/Unreal Engine 4/Projects/Project01/Content/StarterContent/Textures/T_Metal_Rust_D.uasset" 663
"D:/AppsWProjects/Unreal Engine 4/Projects/Project01/Content/StarterContent/Textures/T_Metal_Rust_N.uasset" 664
"D:/AppsWProjects/Unreal Engine 4/Projects/Project01/Content/StarterContent/Materials/M_Metal_Rust.uasset" 665
"D:/AppsWProjects/Unreal Engine 4/Projects/Project01/Content/StarterContent/Textures/T_Metal_Gold_D.uasset" 666
"D:/AppsWProjects/Unreal Engine 4/Projects/Project01/Content/StarterContent/Materials/M_Metal_Gold.uasset" 667
"D:/AppsWProjects/Unreal Engine 4/Projects/Project01/Content/StarterContent/Materials/M_Metal_Chrome.uasset" 668
"D:/AppsWProjects/Unreal Engine 4/Projects/Project01/Content/StarterContent/Textures/T_Ground_Moss_N.uasset" 669
"D:/AppsWProjects/Unreal Engine 4/Projects/Project01/Content/StarterContent/Textures/T_ground_Moss_D.uasset" 670
"D:/AppsWProjects/Unreal Engine 4/Projects/Project01/Content/StarterContent/Materials/M_Ground_Moss.uasset" 671
"D:/AppsWProjects/Unreal Engine 4/Projects/Project01/Content/StarterContent/Textures/T_Ground_Gravel_N.uasset" 672
"D:/AppsWProjects/Unreal Engine 4/Projects/Project01/Content/StarterContent/Textures/T_Ground_Gravel_D.uasset" 673
"D:/AppsWProjects/Unreal Engine 4/Projects/Project01/Content/StarterContent/Materials/M_Ground_Gravel.uasset" 674
"D:/AppsWProjects/Unreal Engine 4/Projects/Project01/Content/StarterContent/Textures/T_Concrete_Tiles_Variation_M.uasset" 675
"D:/AppsWProjects/Unreal Engine 4/Projects/Project01/Content/StarterContent/Textures/T_Concrete_Tiles_N.uasset" 676
"D:/AppsWProjects/Unreal Engine 4/Projects/Project01/Content/StarterContent/Textures/T_Concrete_Tiles_M.uasset" 677
"D:/AppsWProjects/Unreal Engine 4/Projects/Project01/Content/StarterContent/Textures/T_Concrete_Tiles_D.uasset" 678
"D:/AppsWProjects/Unreal Engine 4/Projects/Project01/Content/StarterContent/Materials/M_Concrete_Tiles.uasset" 679
"D:/AppsWProjects/Unreal Engine 4/Projects/Project01/Content/StarterContent/Textures/T_Concrete_Poured_N.uasset" 680
"D:/AppsWProjects/Unreal Engine 4/Projects/Project01/Content/StarterContent/Textures/T_Concrete_Poured_D.uasset" 681
"D:/AppsWProjects/Unreal Engine 4/Projects/Project01/Content/StarterContent/Materials/M_Concrete_Poured.uasset" 682
"D:/AppsWProjects/Unreal Engine 4/Projects/Project01/Content/StarterContent/Textures/T_Concrete_Panels_N.uasset" 683
"D:/AppsWProjects/Unreal Engine 4/Projects/Project01/Content/StarterContent/Textures/T_Concrete_Panels_D.uasset" 684
"D:/AppsWProjects/Unreal Engine 4/Projects/Project01/Content/StarterContent/Materials/M_Concrete_Panels.uasset" 685
"D:/AppsWProjects/Unreal Engine 4/Projects/Project01/Content/StarterContent/Textures/T_Concrete_Grime_D.uasset" 686
"D:/AppsWProjects/Unreal Engine 4/Projects/Project01/Content/StarterContent/Materials/M_Concrete_Grime.uasset" 687
"D:/AppsWProjects/Unreal Engine 4/Projects/Project01/Content/StarterContent/Textures/T_CobbleStone_Smooth_N.uasset" 688
"D:/AppsWProjects/Unreal Engine 4/Projects/Project01/Content/StarterContent/Textures/T_CobbleStone_Smooth_M.uasset" 689
"D:/AppsWProjects/Unreal Engine 4/Projects/Project01/Content/StarterContent/Textures/T_CobbleStone_Smooth_D.uasset" 690
"D:/AppsWProjects/Unreal Engine 4/Projects/Project01/Content/StarterContent/Textures/T_Rock_Smooth_Granite_D.uasset" 691
"D:/AppsWProjects/Unreal Engine 4/Projects/Project01/Content/StarterContent/Textures/T_Gradinet_01.uasset" 692
"D:/AppsWProjects/Unreal Engine 4/Projects/Project01/Content/StarterContent/Materials/M_CobbleStone_Smooth.uasset" 693
"D:/AppsWProjects/Unreal Engine 4/Projects/Project01/Content/StarterContent/Architecture/Wall_Window_400x300.uasset" 694
"D:/AppsWProjects/Unreal Engine 4/Projects/Project01/Content/StarterContent/Architecture/Wall_Door_400x300.uasset" 695
"D:/AppsWProjects/Unreal Engine 4/Projects/Project01/Content/StarterContent/Architecture/Wall_400x200.uasset" 696
"D:/AppsWProjects/Unreal Engine 4/Projects/Project01/Content/StarterContent/Textures/T_CobbleStone_Rough_N.uasset" 697
"D:/AppsWProjects/Unreal Engine 4/Projects/Project01/Content/StarterContent/Textures/T_CobbleStone_Rough_D.uasset" 698
"D:/AppsWProjects/Unreal Engine 4/Projects/Project01/Content/StarterContent/Materials/M_CobbleStone_Rough.uasset" 699
"D:/AppsWProjects/Unreal Engine 4/Projects/Project01/Content/StarterContent/Textures/T_CobbleStone_Pebble_N.uasset" 700
"D:/AppsWProjects/Unreal Engine 4/Projects/Project01/Content/StarterContent/Textures/T_CobbleStone_Pebble_M.uasset" 701
"D:/AppsWProjects/Unreal Engine 4/Projects/Project01/Content/StarterContent/Textures/T_CobbleStone_Pebble_D.uasset" 702
"D:/AppsWProjects/Unreal Engine 4/Projects/Project01/Content/StarterContent/Materials/M_CobbleStone_Pebble.uasset" 703
"D:/AppsWProjects/Unreal Engine 4/Projects/Project01/Content/StarterContent/Textures/T_Ceramic_Tile_N.uasset" 704
"D:/AppsWProjects/Unreal Engine 4/Projects/Project01/Content/StarterContent/Textures/T_Ceramic_Tile_M.uasset" 705
"D:/AppsWProjects/Unreal Engine 4/Projects/Project01/Content/StarterContent/Materials/M_Ceramic_Tile_Checker.uasset" 706
"D:/AppsWProjects/Unreal Engine 4/Projects/Project01/Content/StarterContent/Textures/T_Brick_Hewn_Stone_N.uasset" 707
"D:/AppsWProjects/Unreal Engine 4/Projects/Project01/Content/StarterContent/Textures/T_Brick_Hewn_Stone_M.uasset" 708
"D:/AppsWProjects/Unreal Engine 4/Projects/Project01/Content/StarterContent/Textures/T_Brick_Hewn_Stone_D.uasset" 709
"D:/AppsWProjects/Unreal Engine 4/Projects/Project01/Content/StarterContent/Materials/M_Brick_Hewn_Stone.uasset" 710
"D:/AppsWProjects/Unreal Engine 4/Projects/Project01/Content/StarterContent/Textures/T_Brick_Cut_Stone_N.uasset" 711
"D:/AppsWProjects/Unreal Engine 4/Projects/Project01/Content/StarterContent/Textures/T_Brick_Cut_Stone_D.uasset" 712
"D:/AppsWProjects/Unreal Engine 4/Projects/Project01/Content/StarterContent/Materials/M_Brick_Cut_Stone.uasset" 713
"D:/AppsWProjects/Unreal Engine 4/Projects/Project01/Content/StarterContent/Textures/T_Brick_Clay_Old_N.uasset" 714
"D:/AppsWProjects/Unreal Engine 4/Projects/Project01/Content/StarterContent/Textures/T_Brick_Clay_Old_D.uasset" 715
"D:/AppsWProjects/Unreal Engine 4/Projects/Project01/Content/StarterContent/Materials/M_Brick_Clay_Old.uasset" 716
"D:/AppsWProjects/Unreal Engine 4/Projects/Project01/Content/StarterContent/Textures/T_Brick_Clay_New_N.uasset" 717
"D:/AppsWProjects/Unreal Engine 4/Projects/Project01/Content/StarterContent/Textures/T_Brick_Clay_New_M.uasset" 718
"D:/AppsWProjects/Unreal Engine 4/Projects/Project01/Content/StarterContent/Textures/T_Brick_Clay_New_D.uasset" 719
"D:/AppsWProjects/Unreal Engine 4/Projects/Project01/Content/StarterContent/Materials/M_Brick_Clay_New.uasset" 720
"D:/AppsWProjects/Unreal Engine 4/Projects/Project01/Content/StarterContent/Textures/T_Brick_Clay_Beveled_N.uasset" 721
"D:/AppsWProjects/Unreal Engine 4/Projects/Project01/Content/StarterContent/Textures/T_Brick_Clay_Beveled_M.uasset" 722
"D:/AppsWProjects/Unreal Engine 4/Projects/Project01/Content/StarterContent/Textures/T_Brick_Clay_Beveled_D.uasset" 723
"D:/AppsWProjects/Unreal Engine 4/Projects/Project01/Content/StarterContent/Materials/M_Brick_Clay_Beveled.uasset" 724
"D:/AppsWProjects/Unreal Engine 4/Projects/Project01/Content/StarterContent/Maps/StarterMap_BuiltData.uasset" 725
"D:/AppsWProjects/Unreal Engine 4/Projects/Project01/Content/StarterContent/Textures/T_Lamp_N.uasset" 726
"D:/AppsWProjects/Unreal Engine 4/Projects/Project01/Content/StarterContent/Textures/T_Lamp_M.uasset" 727
"D:/AppsWProjects/Unreal Engine 4/Projects/Project01/Content/StarterContent/Props/Materials/M_Lamp.uasset" 728
"D:/AppsWProjects/Unreal Engine 4/Projects/Project01/Content/StarterContent/Props/SM_Lamp_Wall.uasset" 729
"D:/AppsWProjects/Unreal Engine 4/Projects/Project01/Content/StarterContent/Blueprints/Blueprint_WallSconce.uasset" 730
"D:/AppsWProjects/Unreal Engine 4/Projects/Project01/Content/StarterContent/Particles/P_Steam_Lit.uasset" 731
"D:/AppsWProjects/Unreal Engine 4/Projects/Project01/Content/StarterContent/Audio/Steam01_Cue.uasset" 732
"D:/AppsWProjects/Unreal Engine 4/Projects/Project01/Content/StarterContent/Blueprints/Blueprint_Effect_Steam.uasset" 733
"D:/AppsWProjects/Unreal Engine 4/Projects/Project01/Content/StarterContent/Textures/T_Spark_Core.uasset" 734
"D:/AppsWProjects/Unreal Engine 4/Projects/Project01/Content/StarterContent/Particles/Materials/M_Spark.uasset" 735
"D:/AppsWProjects/Unreal Engine 4/Projects/Project01/Content/StarterContent/Particles/Materials/M_Radial_Gradient.uasset" 736
"D:/AppsWProjects/Unreal Engine 4/Projects/Project01/Content/StarterContent/Particles/P_Sparks.uasset" 737
"D:/AppsWProjects/Unreal Engine 4/Projects/Project01/Content/StarterContent/Audio/Fire_Sparks01_Cue.uasset" 738
"D:/AppsWProjects/Unreal Engine 4/Projects/Project01/Content/StarterContent/Blueprints/Blueprint_Effect_Sparks.uasset" 739
"D:/AppsWProjects/Unreal Engine 4/Projects/Project01/Content/StarterContent/Particles/P_Smoke.uasset" 740
"D:/AppsWProjects/Unreal Engine 4/Projects/Project01/Content/StarterContent/Audio/Smoke01_Cue.uasset" 741
"D:/AppsWProjects/Unreal Engine 4/Projects/Project01/Content/StarterContent/Blueprints/Blueprint_Effect_Smoke.uasset" 742
"D:/AppsWProjects/Unreal Engine 4/Projects/Project01/Content/StarterContent/Particles/Materials/M_Heat_Distortion.uasset" 743
"D:/AppsWProjects/Unreal Engine 4/Projects/Project01/Content/StarterContent/Textures/T_Fire_Tiled_D.uasset" 744
"D:/AppsWProjects/Unreal Engine 4/Projects/Project01/Content/StarterContent/Textures/T_Fire_SubUV.uasset" 745
"D:/AppsWProjects/Unreal Engine 4/Projects/Project01/Content/StarterContent/Particles/Materials/M_Fire_SubUV.uasset" 746
"D:/AppsWProjects/Unreal Engine 4/Projects/Project01/Content/StarterContent/Particles/P_Fire.uasset" 747
"D:/AppsWProjects/Unreal Engine 4/Projects/Project01/Content/StarterContent/Audio/Fire01_Cue.uasset" 748
"D:/AppsWProjects/Unreal Engine 4/Projects/Project01/Content/StarterContent/Blueprints/Blueprint_Effect_Fire.uasset" 749
"D:/AppsWProjects/Unreal Engine 4/Projects/Project01/Content/StarterContent/Props/SM_Lamp_Ceiling.uasset" 750
"D:/AppsWProjects/Unreal Engine 4/Projects/Project01/Content/StarterContent/Blueprints/Blueprint_CeilingLight.uasset" 751
"D:/AppsWProjects/Unreal Engine 4/Projects/Project01/Content/StarterContent/Audio/Starter_Music_Cue.uasset" 752
"D:/AppsWProjects/Unreal Engine 4/Projects/Project01/Content/StarterContent/Audio/Collapse_Cue.uasset" 753
"D:/AppsWProjects/Unreal Engine 4/Projects/Project01/Content/StarterContent/Maps/StarterMap.umap" 754
"../../../Engine/Content/Maps/Entry_BuiltData.uasset" 755
"../../../Engine/Content/Maps/Entry.umap" 756
